Log file open, 09/30/19 16:06:32
LogWindows: Failed to load 'aqProf.dll' (GetLastError=126)
LogWindows: File 'aqProf.dll' does not exist
LogWindows: Failed to load 'VSPerf140.dll' (GetLastError=126)
LogWindows: File 'VSPerf140.dll' does not exist
LogWindows: Failed to load 'VtuneApi.dll' (GetLastError=126)
LogWindows: File 'VtuneApi.dll' does not exist
LogWindows: Failed to load 'VtuneApi32e.dll' (GetLastError=126)
LogWindows: File 'VtuneApi32e.dll' does not exist
LogInit: Display: Running engine for game: PlatformerTutorial
LogPlatformFile: Not using cached read wrapper
LogTaskGraph: Started task graph with 5 named threads and 23 total threads with 3 sets of task threads.
LogStats: Stats thread started at 0.369428
LogD3D11RHI: Loaded GFSDK_Aftermath_Lib.x64.dll
LogICUInternationalization: Display: ICU TimeZone Detection - Raw Offset: +10:00, Platform Override: ''
LogPluginManager: Mounting plugin Paper2D
LogPluginManager: Mounting plugin AISupport
LogPluginManager: Mounting plugin LightPropagationVolume
LogPluginManager: Mounting plugin CLionSourceCodeAccess
LogPluginManager: Mounting plugin CodeLiteSourceCodeAccess
LogPluginManager: Mounting plugin GitSourceControl
LogPluginManager: Mounting plugin KDevelopSourceCodeAccess
LogPluginManager: Mounting plugin NullSourceCodeAccess
LogPluginManager: Mounting plugin PerforceSourceControl
LogPluginManager: Mounting plugin SubversionSourceControl
LogPluginManager: Mounting plugin UObjectPlugin
LogPluginManager: Mounting plugin VisualStudioCodeSourceCodeAccess
LogPluginManager: Mounting plugin VisualStudioSourceCodeAccess
LogPluginManager: Mounting plugin XCodeSourceCodeAccess
LogPluginManager: Mounting plugin AssetManagerEditor
LogPluginManager: Mounting plugin CryptoKeys
LogPluginManager: Mounting plugin DataValidation
LogPluginManager: Mounting plugin FacialAnimation
LogPluginManager: Mounting plugin GameplayTagsEditor
LogPluginManager: Mounting plugin MacGraphicsSwitching
LogPluginManager: Mounting plugin MeshEditor
LogPluginManager: Mounting plugin MobileLauncherProfileWizard
LogPluginManager: Mounting plugin PluginBrowser
LogPluginManager: Mounting plugin SpeedTreeImporter
LogPluginManager: Mounting plugin DatasmithContent
LogPluginManager: Mounting plugin AlembicImporter
LogPluginManager: Mounting plugin AppleImageUtils
LogPluginManager: Mounting plugin AppleVision
LogPluginManager: Mounting plugin BackChannel
LogPluginManager: Mounting plugin CharacterAI
LogPluginManager: Mounting plugin GeometryCache
LogPluginManager: Mounting plugin HTML5Networking
LogPluginManager: Mounting plugin ProxyLODPlugin
LogPluginManager: Mounting plugin MagicLeap
LogPluginManager: Mounting plugin MagicLeapEmulator
LogPluginManager: Mounting plugin MagicLeapMedia
LogPluginManager: Mounting plugin AndroidMedia
LogPluginManager: Mounting plugin AvfMedia
LogPluginManager: Mounting plugin ImgMedia
LogPluginManager: Mounting plugin LinearTimecode
LogPluginManager: Mounting plugin MediaCompositing
LogPluginManager: Mounting plugin MediaPlayerEditor
LogPluginManager: Mounting plugin WmfMedia
LogPluginManager: Mounting plugin TcpMessaging
LogPluginManager: Mounting plugin UdpMessaging
LogPluginManager: Mounting plugin ActorSequence
LogPluginManager: Mounting plugin LevelSequenceEditor
LogPluginManager: Mounting plugin MatineeToLevelSequence
LogPluginManager: Mounting plugin NetcodeUnitTest
LogPluginManager: Mounting plugin NUTUnrealEngine4
LogPluginManager: Mounting plugin OnlineSubsystemGooglePlay
LogPluginManager: Mounting plugin OnlineSubsystemIOS
LogPluginManager: Mounting plugin OnlineSubsystem
LogPluginManager: Mounting plugin OnlineSubsystemNull
LogPluginManager: Mounting plugin OnlineSubsystemUtils
LogPluginManager: Mounting plugin LauncherChunkInstaller
LogPluginManager: Mounting plugin AndroidDeviceProfileSelector
LogPluginManager: Mounting plugin AndroidMoviePlayer
LogPluginManager: Mounting plugin AndroidPermission
LogPluginManager: Mounting plugin AppleMoviePlayer
LogPluginManager: Mounting plugin ArchVisCharacter
LogPluginManager: Mounting plugin AudioCapture
LogPluginManager: Mounting plugin CableComponent
LogPluginManager: Mounting plugin CustomMeshComponent
LogPluginManager: Mounting plugin EditableMesh
LogPluginManager: Mounting plugin ExampleDeviceProfileSelector
LogPluginManager: Mounting plugin GoogleCloudMessaging
LogPluginManager: Mounting plugin ImmediatePhysics
LogPluginManager: Mounting plugin IOSDeviceProfileSelector
LogPluginManager: Mounting plugin LinuxDeviceProfileSelector
LogPluginManager: Mounting plugin LocationServicesBPLibrary
LogPluginManager: Mounting plugin MobilePatchingUtils
LogPluginManager: Mounting plugin OculusVR
LogPluginManager: Plugin shader directory ../../../Engine/Plugins/Runtime/Oculus/OculusVR/Shaders found
LogPluginManager: Mapping shader source directory ../../../Engine/Plugins/Runtime/Oculus/OculusVR/Shaders to virtual directory /Plugin/OculusVR
LogPluginManager: Mounting plugin PhysXVehicles
LogPluginManager: Mounting plugin ProceduralMeshComponent
LogPluginManager: Mounting plugin RuntimePhysXCooking
LogPluginManager: Mounting plugin SteamVR
LogPluginManager: Mounting plugin WindowsMoviePlayer
LogStreaming: Display: Took  0.446s to configure plugins.
LogInit: Using libcurl 7.55.1-DEV
LogInit:  - built for x86_64-pc-win32
LogInit:  - supports SSL with OpenSSL/1.0.2h
LogInit:  - supports HTTP deflate (compression) using libz 1.2.8
LogInit:  - other features:
LogInit:      CURL_VERSION_SSL
LogInit:      CURL_VERSION_LIBZ
LogInit:      CURL_VERSION_IPV6
LogInit:      CURL_VERSION_ASYNCHDNS
LogInit:      CURL_VERSION_LARGEFILE
LogInit:      CURL_VERSION_IDN
LogInit:  CurlRequestOptions (configurable via config and command line):
LogInit:  - bVerifyPeer = false  - Libcurl will NOT verify peer certificate
LogInit:  - bUseHttpProxy = false  - Libcurl will NOT use HTTP proxy
LogInit:  - bDontReuseConnections = false  - Libcurl will reuse connections
LogInit:  - CertBundlePath = nullptr  - Libcurl will use whatever was configured at build time.
LogInit:  - MaxHostConnections = 16  - Libcurl will limit the number of connections to a host
LogInit:  - LocalHostAddr = Default
LogInit:  - BufferSize = 65536
LogInit: WinSock: version 1.1 (2.2), MaxSocks=32767, MaxUdp=65467
LogInit: Build: ++UE4+Release-4.20-CL-4369336
LogInit: Engine Version: 4.20.3-4369336+++UE4+Release-4.20
LogInit: Compatible Engine Version: 4.20.0-4212847+++UE4+Release-4.20
LogInit: Net CL: 4212847
LogInit: OS: Windows 10 (), CPU:         Intel(R) Core(TM) i7-3770 CPU @ 3.40GHz, GPU: NVIDIA GeForce GTX 660 Ti
LogInit: Compiled (64-bit): Sep 17 2018 12:26:19
LogInit: Compiled with Visual C++: 19.13.26129.00
LogInit: Build Configuration: Development
LogInit: Branch Name: ++UE4+Release-4.20
LogInit: Command Line: 
LogInit: Base Directory: C:/Program Files/Epic Games/UE_4.20/Engine/Binaries/Win64/
LogInit: Installed Engine Build: 1
LogDevObjectVersion: Number of dev versions registered: 20
LogDevObjectVersion:   Dev-Blueprints (B0D832E4-1F89-4F0D-ACCF-7EB736FD4AA2): 10
LogDevObjectVersion:   Dev-Build (E1C64328-A22C-4D53-A36C-8E866417BD8C): 0
LogDevObjectVersion:   Dev-Core (375EC13C-06E4-48FB-B500-84F0262A717E): 2
LogDevObjectVersion:   Dev-Editor (E4B068ED-F494-42E9-A231-DA0B2E46BB41): 24
LogDevObjectVersion:   Dev-Framework (CFFC743F-43B0-4480-9391-14DF171D2073): 34
LogDevObjectVersion:   Dev-Mobile (B02B49B5-BB20-44E9-A304-32B752E40360): 2
LogDevObjectVersion:   Dev-Networking (A4E4105C-59A1-49B5-A7C5-40C4547EDFEE): 0
LogDevObjectVersion:   Dev-Online (39C831C9-5AE6-47DC-9A44-9C173E1C8E7C): 0
LogDevObjectVersion:   Dev-Physics (78F01B33-EBEA-4F98-B9B4-84EACCB95AA2): 0
LogDevObjectVersion:   Dev-Platform (6631380F-2D4D-43E0-8009-CF276956A95A): 0
LogDevObjectVersion:   Dev-Rendering (12F88B9F-8875-4AFC-A67C-D90C383ABD29): 26
LogDevObjectVersion:   Dev-Sequencer (7B5AE74C-D270-4C10-A958-57980B212A5A): 9
LogDevObjectVersion:   Dev-VR (D7296918-1DD6-4BDD-9DE2-64A83CC13884): 2
LogDevObjectVersion:   Dev-LoadTimes (C2A15278-BFE7-4AFE-6C17-90FF531DF755): 1
LogDevObjectVersion:   Private-Geometry (6EACA3D4-40EC-4CC1-B786-8BED09428FC5): 3
LogDevObjectVersion:   Dev-AnimPhys (29E575DD-E0A3-4627-9D10-D276232CDCEA): 17
LogDevObjectVersion:   Dev-ReflectionCapture (6B266CEC-1EC7-4B8F-A30B-E4D90942FC07): 1
LogDevObjectVersion:   Dev-Automation (0DF73D61-A23F-47EA-B727-89E90C41499A): 1
LogDevObjectVersion:   FortniteMain (601D1886-AC64-4F84-AA16-D3DE0DEAC7D6): 12
LogDevObjectVersion:   Dev-Enterprise (9DFFBCD6-494F-0158-E221-12823C92A888): 1
LogStreaming: Display: Took  0.009s to delete old logs.
LogInit: Presizing for max 8388607 objects, including 0 objects not considered by GC, pre-allocating 0 bytes for permanent pool.
LogInit: Object subsystem initialized
[2019.09.30-06.06.33:349][  0]LogInit: Selected Device Profile: [Windows]
[2019.09.30-06.06.33:349][  0]LogInit: Applying CVar settings loaded from the selected device profile: [Windows]
[2019.09.30-06.06.33:374][  0]LogHAL: Display: Platform has ~ 32 GB [34319237120 / 34359738368 / 32], which maps to Largest [LargestMinGB=32, LargerMinGB=12, DefaultMinGB=8, SmallerMinGB=6, SmallestMinGB=0)
[2019.09.30-06.06.33:374][  0]LogInit: Setting Device Profile CVar: [[r.Vulkan.UseRealUBs:1]]
[2019.09.30-06.06.33:374][  0]LogInit: Going up to parent DeviceProfile []
[2019.09.30-06.06.33:374][  0]LogInit: Computer: SYD-D2E2B0
[2019.09.30-06.06.33:374][  0]LogInit: User: s192125
[2019.09.30-06.06.33:374][  0]LogInit: CPU Page size=4096, Cores=4
[2019.09.30-06.06.33:374][  0]LogInit: High frequency timer resolution =3.323585 MHz
[2019.09.30-06.06.33:374][  0]LogMemory: Memory total: Physical=32.0GB (32GB approx)
[2019.09.30-06.06.33:374][  0]LogMemory: Platform Memory Stats for Windows
[2019.09.30-06.06.33:374][  0]LogMemory: Process Physical Memory: 99.89 MB used, 99.89 MB peak
[2019.09.30-06.06.33:375][  0]LogMemory: Process Virtual Memory: 90.98 MB used, 90.98 MB peak
[2019.09.30-06.06.33:375][  0]LogMemory: Physical Memory: 4533.55 MB used,  28195.82 MB free, 32729.38 MB total
[2019.09.30-06.06.33:375][  0]LogMemory: Virtual Memory: 4640.04 MB used,  28195.82 MB free, 134217728.00 MB total
[2019.09.30-06.06.33:391][  0]LogInit: Using OS detected language (en-US).
[2019.09.30-06.06.33:391][  0]LogInit: Using OS detected locale (en-US).
[2019.09.30-06.06.33:392][  0]LogTextLocalizationManager: No specific localization for 'en-US' exists, so the 'en' localization will be used.
[2019.09.30-06.06.33:739][  0]LogStreaming: Display: Took  0.348s to InitEngineTextLocalization.
[2019.09.30-06.06.33:739][  0]LogInit: Setting process to per monitor DPI aware
[2019.09.30-06.06.33:773][  0]LogSlate: New Slate User Created.  User Index 0, Is Virtual User: 0
[2019.09.30-06.06.33:773][  0]LogSlate: Slate User Registered.  User Index 0, Is Virtual User: 0
[2019.09.30-06.06.33:963][  0]LogHMD: Failed to initialize OpenVR with code 110
[2019.09.30-06.06.33:963][  0]LogD3D11RHI: D3D11 adapters:
[2019.09.30-06.06.34:026][  0]LogD3D11RHI:    0. 'NVIDIA GeForce GTX 660 Ti' (Feature Level 11_0)
[2019.09.30-06.06.34:026][  0]LogD3D11RHI:       1998/0/16364 MB DedicatedVideo/DedicatedSystem/SharedSystem, Outputs:2, VendorId:0x10de
[2019.09.30-06.06.34:028][  0]LogD3D11RHI:    1. 'Microsoft Basic Render Driver' (Feature Level 11_0)
[2019.09.30-06.06.34:028][  0]LogD3D11RHI:       0/0/16364 MB DedicatedVideo/DedicatedSystem/SharedSystem, Outputs:0, VendorId:0x1414
[2019.09.30-06.06.34:028][  0]LogD3D11RHI: Chosen D3D11 Adapter: 0
[2019.09.30-06.06.34:033][  0]LogD3D11RHI: Creating new Direct3DDevice
[2019.09.30-06.06.34:033][  0]LogD3D11RHI:     GPU DeviceId: 0x1183 (for the marketing name, search the web for "GPU Device Id")
[2019.09.30-06.06.34:033][  0]LogWindows: EnumDisplayDevices:
[2019.09.30-06.06.34:033][  0]LogWindows:    0. 'NVIDIA GeForce GTX 660 Ti' (P:0 D:1)
[2019.09.30-06.06.34:033][  0]LogWindows:    1. 'NVIDIA GeForce GTX 660 Ti' (P:1 D:1)
[2019.09.30-06.06.34:033][  0]LogWindows:    2. 'NVIDIA GeForce GTX 660 Ti' (P:0 D:0)
[2019.09.30-06.06.34:034][  0]LogWindows:    3. 'NVIDIA GeForce GTX 660 Ti' (P:0 D:0)
[2019.09.30-06.06.34:034][  0]LogWindows: DebugString: FoundDriverCount:4 
[2019.09.30-06.06.34:034][  0]LogD3D11RHI:     Adapter Name: NVIDIA GeForce GTX 660 Ti
[2019.09.30-06.06.34:034][  0]LogD3D11RHI:   Driver Version: 417.35 (internal:25.21.14.1735, unified:417.35)
[2019.09.30-06.06.34:034][  0]LogD3D11RHI:      Driver Date: 12-11-2018
[2019.09.30-06.06.34:034][  0]LogRHI: Texture pool is 1398 MB (70% of 1998 MB)
[2019.09.30-06.06.34:077][  0]LogD3D11RHI: Async texture creation enabled
[2019.09.30-06.06.34:095][  0]LogD3D11RHI: GPU Timing Frequency: 1000.000000 (Debug: 2 2)
[2019.09.30-06.06.34:097][  0]LogShaderCompilers: Guid format shader working directory is -3 characters bigger than the processId version (L:/RepositoryName/RepositoryName/PlatformerTutorial/Intermediate/Shaders/WorkingDirectory/2096/).
[2019.09.30-06.06.34:097][  0]LogShaderCompilers: Cleaned the shader compiler working directory 'C:/Users/s192125/AppData/Local/Temp/UnrealShaderWorkingDir/22A457DF469C9D66DA0E12A3DB794998/'.
[2019.09.30-06.06.34:358][  0]LogTemp: Display: Loaded TP AllDesktopTargetPlatform
[2019.09.30-06.06.34:374][  0]LogTemp: Display: Loaded TP MacClientTargetPlatform
[2019.09.30-06.06.34:389][  0]LogTemp: Display: Loaded TP MacNoEditorTargetPlatform
[2019.09.30-06.06.34:406][  0]LogTemp: Display: Loaded TP MacServerTargetPlatform
[2019.09.30-06.06.34:422][  0]LogTemp: Display: Loaded TP MacTargetPlatform
[2019.09.30-06.06.34:440][  0]LogTemp: Display: Loaded TP WindowsClientTargetPlatform
[2019.09.30-06.06.34:456][  0]LogTemp: Display: Loaded TP WindowsNoEditorTargetPlatform
[2019.09.30-06.06.34:472][  0]LogTemp: Display: Loaded TP WindowsServerTargetPlatform
[2019.09.30-06.06.34:479][  0]LogTemp: Display: Loaded TP WindowsTargetPlatform
[2019.09.30-06.06.34:563][  0]LogTemp: Display: Loaded TP AndroidTargetPlatform
[2019.09.30-06.06.34:563][  0]LogTemp: Display: Loaded TP AndroidTargetPlatform
[2019.09.30-06.06.34:563][  0]LogTemp: Display: Loaded TP AndroidTargetPlatform
[2019.09.30-06.06.34:563][  0]LogTemp: Display: Loaded TP AndroidTargetPlatform
[2019.09.30-06.06.34:563][  0]LogTemp: Display: Loaded TP AndroidTargetPlatform
[2019.09.30-06.06.34:563][  0]LogTemp: Display: Loaded TP AndroidTargetPlatform
[2019.09.30-06.06.34:563][  0]LogTemp: Display: Loaded TP AndroidTargetPlatform
[2019.09.30-06.06.34:564][  0]LogTemp: Display: Loaded TP AndroidTargetPlatform
[2019.09.30-06.06.34:564][  0]LogTemp: Display: Loaded TP AndroidTargetPlatform
[2019.09.30-06.06.34:564][  0]LogTemp: Display: Loaded TP AndroidTargetPlatform
[2019.09.30-06.06.34:564][  0]LogTemp: Display: Loaded TP AndroidTargetPlatform
[2019.09.30-06.06.34:564][  0]LogTemp: Display: Loaded TP AndroidTargetPlatform
[2019.09.30-06.06.34:564][  0]LogTemp: Display: Loaded TP AndroidTargetPlatform
[2019.09.30-06.06.34:564][  0]LogTemp: Display: Loaded TP AndroidTargetPlatform
[2019.09.30-06.06.34:564][  0]LogTemp: Display: Loaded TP AndroidTargetPlatform
[2019.09.30-06.06.34:564][  0]LogTemp: Display: Loaded TP AndroidTargetPlatform
[2019.09.30-06.06.34:564][  0]LogTemp: Display: Loaded TP AndroidTargetPlatform
[2019.09.30-06.06.34:564][  0]LogTemp: Display: Loaded TP AndroidTargetPlatform
[2019.09.30-06.06.34:565][  0]LogTemp: Display: Loaded TP HTML5TargetPlatform
[2019.09.30-06.06.34:629][  0]LogTemp: Display: Loaded TP IOSTargetPlatform
[2019.09.30-06.06.34:629][  0]LogTemp: Display: Loaded TP IOSTargetPlatform
[2019.09.30-06.06.34:655][  0]LogTemp: Display: Loaded TP TVOSTargetPlatform
[2019.09.30-06.06.34:655][  0]LogTemp: Display: Loaded TP TVOSTargetPlatform
[2019.09.30-06.06.34:669][  0]LogTemp: Display: Loaded TP LinuxClientTargetPlatform
[2019.09.30-06.06.34:682][  0]LogTemp: Display: Loaded TP LinuxNoEditorTargetPlatform
[2019.09.30-06.06.34:696][  0]LogTemp: Display: Loaded TP LinuxServerTargetPlatform
[2019.09.30-06.06.34:711][  0]LogTemp: Display: Loaded TP LinuxTargetPlatform
[2019.09.30-06.06.34:721][  0]LogTemp: Display: Loaded TP LuminTargetPlatform
[2019.09.30-06.06.34:721][  0]LogTargetPlatformManager: Display: Building Assets For Windows
[2019.09.30-06.06.34:772][  0]LogXGEController: Cannot use XGE Controller as Incredibuild is not installed on this machine.
[2019.09.30-06.06.34:772][  0]LogShaderCompilers: Cannot use XGE Shader Compiler as Incredibuild is not installed on this machine.
[2019.09.30-06.06.34:772][  0]LogShaderCompilers: Display: Using Local Shader Compiler.
[2019.09.30-06.06.35:502][  0]LogDerivedDataCache: Display: Max Cache Size: 512 MB
[2019.09.30-06.06.35:556][  0]LogDerivedDataCache: Loaded boot cache 0.05s 71MB C:/Users/s192125/AppData/Local/UnrealEngine/4.20/DerivedDataCache/Boot.ddc.
[2019.09.30-06.06.35:557][  0]LogDerivedDataCache: Display: Loaded Boot cache: C:/Users/s192125/AppData/Local/UnrealEngine/4.20/DerivedDataCache/Boot.ddc
[2019.09.30-06.06.35:557][  0]LogDerivedDataCache: FDerivedDataBackendGraph:  Pak pak cache file L:/RepositoryName/RepositoryName/PlatformerTutorial/DerivedDataCache/DDC.ddp not found, will not use a pak cache.
[2019.09.30-06.06.35:557][  0]LogDerivedDataCache: Unable to find inner node Pak for hierarchical cache Hierarchy.
[2019.09.30-06.06.35:558][  0]LogDerivedDataCache: FDerivedDataBackendGraph:  CompressedPak pak cache file L:/RepositoryName/RepositoryName/PlatformerTutorial/DerivedDataCache/Compressed.ddp not found, will not use a pak cache.
[2019.09.30-06.06.35:558][  0]LogDerivedDataCache: Unable to find inner node CompressedPak for hierarchical cache Hierarchy.
[2019.09.30-06.06.35:570][  0]LogDerivedDataCache: Display: Pak cache opened for reading ../../../Engine/DerivedDataCache/Compressed.ddp.
[2019.09.30-06.06.35:583][  0]LogDerivedDataCache: Using Local data cache path C:/Users/s192125/AppData/Local/UnrealEngine/Common/DerivedDataCache: Writable
[2019.09.30-06.06.35:583][  0]LogDerivedDataCache: Shared data cache path not found in *engine.ini, will not use an Shared cache.
[2019.09.30-06.06.35:583][  0]LogDerivedDataCache: Unable to find inner node Shared for hierarchical cache Hierarchy.
[2019.09.30-06.06.35:602][  0]LogMaterial: Verifying Global Shaders for PCD3D_SM5
[2019.09.30-06.06.35:603][  0]LogSlate: Using FreeType 2.6.0
[2019.09.30-06.06.35:604][  0]LogSlate: SlateFontServices - WITH_FREETYPE: 1, WITH_HARFBUZZ: 1
[2019.09.30-06.06.35:677][  0]LogAssetRegistry: FAssetRegistry took 0.0275 seconds to start up
[2019.09.30-06.06.36:073][  0]LogInit: Selected Device Profile: [Windows]
[2019.09.30-06.06.36:204][  0]LogSimplygon: Simplygon DLL not present - disabling.
[2019.09.30-06.06.36:207][  0]LogMeshReduction: Using SimplygonSwarm for distributed automatic mesh merging
[2019.09.30-06.06.36:207][  0]LogMeshReduction: Using ProxyLODMeshReduction for automatic mesh merging
[2019.09.30-06.06.36:207][  0]LogMeshReduction: Using QuadricMeshReduction for automatic static mesh reduction
[2019.09.30-06.06.36:207][  0]LogMeshReduction: No automatic skeletal mesh reduction module available
[2019.09.30-06.06.36:223][  0]LogNetVersion: PlatformerTutorial 1.0.0, NetCL: 4212847, EngineNetVer: 5, GameNetVer: 0 (Checksum: 1667836569)
[2019.09.30-06.06.37:047][  0]LogPackageLocalizationCache: Processed 11 localized package path(s) for 2 prioritized culture(s) in 0.416485 seconds
[2019.09.30-06.06.37:053][  0]LogUObjectArray: 38425 objects as part of root set at end of initial load.
[2019.09.30-06.06.37:053][  0]LogUObjectAllocator: 6690864 out of 0 bytes used by permanent object pool.
[2019.09.30-06.06.37:053][  0]LogUObjectArray: CloseDisregardForGC: 0/0 objects in disregard for GC pool
[2019.09.30-06.06.37:851][  0]LogTcpMessaging: Initializing TcpMessaging bridge
[2019.09.30-06.06.37:864][  0]LogUdpMessaging: Initializing bridge on interface 0.0.0.0:0 to multicast group 230.0.0.1:6666.
[2019.09.30-06.06.37:864][  0]LogDirectoryWatcher: A directory notification failed for 'L:/RepositoryName/RepositoryName/PlatformerTutorial/Content/' because it was empty or there was a buffer overflow. Attemping another request...
[2019.09.30-06.06.38:009][  0]SourceControl: Source control is disabled
[2019.09.30-06.06.38:009][  0]SourceControl: Source control is disabled
[2019.09.30-06.06.38:010][  0]SourceControl: Source control is disabled
[2019.09.30-06.06.38:011][  0]SourceControl: Source control is disabled
[2019.09.30-06.06.38:197][  0]LogAndroidPermission: UAndroidPermissionCallbackProxy::GetInstance
[2019.09.30-06.06.38:242][  0]LogOcInput: OculusInput pre-init called
[2019.09.30-06.06.38:302][  0]LogEngine: Initializing Engine...
[2019.09.30-06.06.38:303][  0]LogHMD: Failed to initialize OpenVR with code 110
[2019.09.30-06.06.38:304][  0]LogStats: UGameplayTagsManager::ConstructGameplayTagTree: ImportINI prefixes -  0.000 s
[2019.09.30-06.06.38:304][  0]LogStats: UGameplayTagsManager::ConstructGameplayTagTree: Construct from data asset -  0.000 s
[2019.09.30-06.06.38:305][  0]LogStats: UGameplayTagsManager::ConstructGameplayTagTree: ImportINI -  0.001 s
[2019.09.30-06.06.38:305][  0]LogStats: UGameplayTagsManager::ConstructGameplayTagTree: GameplayTagTreeChangedEvent.Broadcast -  0.000 s
[2019.09.30-06.06.38:509][  0]LogInit: Initializing FReadOnlyCVARCache
[2019.09.30-06.06.38:521][  0]LogAIModule: Creating AISystem for world Untitled
[2019.09.30-06.06.38:536][  0]LogInit: XAudio2 using 'Speakers (High Definition Audio Device)' : 2 channels at 48 kHz using 16 bits per sample (channel mask 0x3)
[2019.09.30-06.06.38:556][  0]LogInit: FAudioDevice initialized.
[2019.09.30-06.06.38:556][  0]LogNetVersion: Set ProjectVersion to 1.0.0.0. Version Checksum will be recalculated on next use.
[2019.09.30-06.06.38:640][  0]LogDerivedDataCache: Saved boot cache 0.08s 71MB C:/Users/s192125/AppData/Local/UnrealEngine/4.20/DerivedDataCache/Boot.ddc.
[2019.09.30-06.06.38:646][  0]LogInit: Texture streaming: Enabled
[2019.09.30-06.06.38:661][  0]LogEngineSessionManager: EngineSessionManager initialized
[2019.09.30-06.06.38:674][  0]LogInit: Transaction tracking system initialized
[2019.09.30-06.06.38:692][  0]BlueprintLog: New page: Editor Load
[2019.09.30-06.06.38:776][  0]LocalizationService: Localization service is disabled
[2019.09.30-06.06.39:028][  0]LogCook: Display: Max memory allowance for cook 16384mb min free memory 0mb
[2019.09.30-06.06.39:028][  0]LogCook: Display: Mobile HDR setting 1
[2019.09.30-06.06.39:028][  0]LogGameplayTags: Display: UGameplayTagsManager::DoneAddingNativeTags. DelegateIsBound: 0
[2019.09.30-06.06.39:028][  0]LogStats: UGameplayTagsManager::ConstructGameplayTagTree: ImportINI prefixes -  0.000 s
[2019.09.30-06.06.39:028][  0]LogStats: UGameplayTagsManager::ConstructGameplayTagTree: Construct from data asset -  0.000 s
[2019.09.30-06.06.39:028][  0]LogStats: UGameplayTagsManager::ConstructGameplayTagTree: ImportINI -  0.000 s
[2019.09.30-06.06.39:028][  0]LogStats: UGameplayTagsManager::ConstructGameplayTagTree: GameplayTagTreeChangedEvent.Broadcast -  0.000 s
[2019.09.30-06.06.39:142][  0]LogFileCache: Scanning file cache for directory 'L:/RepositoryName/RepositoryName/PlatformerTutorial/Content/' took 0.03s
[2019.09.30-06.06.39:142][  0]SourceControl: Source control is disabled
[2019.09.30-06.06.39:142][  0]Cmd: MAP LOAD FILE="L:/RepositoryName/RepositoryName/PlatformerTutorial/Content/__MyContent/Maps/Level_1.umap" TEMPLATE=0 SHOWPROGRESS=1 FEATURELEVEL=3
[2019.09.30-06.06.39:143][  0]LightingResults: New page: Lighting Build
[2019.09.30-06.06.39:145][  0]MapCheck: New page: Map Check
[2019.09.30-06.06.39:145][  0]LightingResults: New page: Lighting Build
[2019.09.30-06.06.39:990][  0]LogAIModule: Creating AISystem for world Level_1
[2019.09.30-06.06.39:998][  0]LogEditorServer: Finished looking for orphan Actors (0.000 secs)
[2019.09.30-06.06.40:018][  0]Cmd: MAP CHECKDEP NOCLEARLOG
[2019.09.30-06.06.40:100][  0]MapCheck: Map check complete: 0 Error(s), 0 Warning(s), took 82.109ms to complete.
[2019.09.30-06.06.40:100][  0]LogFileHelpers: Loading map 'Level_1' took 0.958
[2019.09.30-06.06.40:206][  0]LogSlate: Updating window title bar state: overlay mode, drag disabled, window buttons hidden, title bar hidden
[2019.09.30-06.06.40:214][  0]LogSlate: Updating window title bar state: overlay mode, drag disabled, window buttons hidden, title bar hidden
[2019.09.30-06.06.40:222][  0]LogSlate: Updating window title bar state: overlay mode, drag disabled, window buttons hidden, title bar hidden
[2019.09.30-06.06.40:230][  0]LogSlate: Updating window title bar state: overlay mode, drag disabled, window buttons hidden, title bar hidden
[2019.09.30-06.06.40:240][  0]LogCollectionManager: Loaded 0 collections in 0.002451 seconds
[2019.09.30-06.06.40:283][  0]LogFileCache: Scanning file cache for directory 'L:/RepositoryName/RepositoryName/PlatformerTutorial/Saved/Collections/' took 0.01s
[2019.09.30-06.06.40:283][  0]LogFileCache: Scanning file cache for directory 'L:/RepositoryName/RepositoryName/PlatformerTutorial/Content/Developers/s192125/Collections/' took 0.01s
[2019.09.30-06.06.40:283][  0]LogFileCache: Scanning file cache for directory 'L:/RepositoryName/RepositoryName/PlatformerTutorial/Content/Collections/' took 0.01s
[2019.09.30-06.06.40:283][  0]LogCollectionManager: Rebuilt the GUID cache for 0 collections in 0.000001 seconds
[2019.09.30-06.06.40:293][  0]LogContentBrowser: Native class hierarchy populated in 0.0095 seconds. Added 2572 classes and 603 folders.
[2019.09.30-06.06.40:300][  0]LogContentBrowser: Native class hierarchy updated for 'WidgetCarousel' in 0.0003 seconds. Added 0 classes and 0 folders.
[2019.09.30-06.06.40:539][  0]LogContentBrowser: Native class hierarchy updated for 'AddContentDialog' in 0.0003 seconds. Added 0 classes and 0 folders.
[2019.09.30-06.06.40:544][  0]LogContentBrowser: Native class hierarchy updated for 'SceneOutliner' in 0.0004 seconds. Added 1 classes and 2 folders.
[2019.09.30-06.06.41:579][  0]LogSlate: Only BGRA pngs, bmps or icos are supported in by External Image Picker
[2019.09.30-06.06.41:620][  0]LogTemp: Executing iPhonePackager certificates Engine -bundlename com.YourCompany.PlatformerTutorial
[2019.09.30-06.06.41:620][  0]LogTemp: CWD: C:\Program Files\Epic Games\UE_4.20\Engine\Binaries\DotNET\IOS
[2019.09.30-06.06.41:620][  0]LogTemp: Initial Dir: C:\Program Files\Epic Games\UE_4.20
[2019.09.30-06.06.41:620][  0]LogTemp: Env CWD: C:\Program Files\Epic Games\UE_4.20\Engine\Binaries\DotNET\IOS
[2019.09.30-06.06.41:620][  0]LogTemp: BranchPath = SYD-D2E2B0/C/Program Files/Epic Games/UE_4.20/Engine/Binaries --- GameBranchPath = SYD-D2E2B0/C/Program Files/Epic Games/UE_4.20/Engine/Binaries
[2019.09.30-06.06.41:620][  0]LogSlate: Took 0.000512 seconds to synchronously load lazily loaded font '../../../Engine/Content/Slate/Fonts/Roboto-Regular.ttf' (155K)
[2019.09.30-06.06.41:624][  0]LogSlate: Took 0.000262 seconds to synchronously load lazily loaded font '../../../Engine/Content/Slate/Fonts/Roboto-Bold.ttf' (160K)
[2019.09.30-06.06.41:636][  0]LogTemp: IPP ERROR: Could not find provision directory 'C:\Users\s192125\AppData\Local/Apple Computer/MobileDevice/Provisioning Profiles/'.
[2019.09.30-06.06.41:636][  0]LogSlate: Took 0.005674 seconds to synchronously load lazily loaded font '../../../Engine/Content/Editor/Slate/Fonts/FontAwesome.ttf' (139K)
[2019.09.30-06.06.41:770][  0]LogRenderer: Reallocating scene render targets to support 1208x576 Format 10 NumSamples 1 (Frame:1).
[2019.09.30-06.06.41:889][  0]LogContentBrowser: Native class hierarchy updated for 'HierarchicalLODOutliner' in 0.0004 seconds. Added 0 classes and 0 folders.
[2019.09.30-06.06.41:890][  0]LogLoad: (Engine Initialization) Total time: 10.71 seconds
[2019.09.30-06.06.41:890][  0]LogLoad: (Engine Initialization) Total Blueprint compile time: 0.00 seconds
[2019.09.30-06.06.41:900][  0]LogWindowsTextInputMethodSystem: Display: IME system now deactivated.
[2019.09.30-06.06.41:924][  0]LogDirectoryWatcher: A directory notification failed for 'L:/RepositoryName/RepositoryName/PlatformerTutorial/Content/' because it was empty or there was a buffer overflow. Attemping another request...
[2019.09.30-06.06.41:924][  0]LogDirectoryWatcher: A directory notification failed for 'L:/RepositoryName/RepositoryName/PlatformerTutorial/Content/', and we were unable to create a new request.
[2019.09.30-06.06.41:924][  0]LogDirectoryWatcher: A directory notification failed for 'L:/RepositoryName/RepositoryName/PlatformerTutorial/Saved/Collections/' because it was empty or there was a buffer overflow. Attemping another request...
[2019.09.30-06.06.41:925][  0]LogDirectoryWatcher: A directory notification failed for 'L:/RepositoryName/RepositoryName/PlatformerTutorial/Content/Developers/s192125/Collections/' because it was empty or there was a buffer overflow. Attemping another request...
[2019.09.30-06.06.41:925][  0]LogDirectoryWatcher: A directory notification failed for 'L:/RepositoryName/RepositoryName/PlatformerTutorial/Content/Collections/' because it was empty or there was a buffer overflow. Attemping another request...
[2019.09.30-06.06.41:926][  0]LogContentStreaming: Texture pool size now 1000 MB
[2019.09.30-06.06.41:967][  0]LogSlate: Took 0.004262 seconds to synchronously load lazily loaded font '../../../Engine/Content/Slate/Fonts/Roboto-Light.ttf' (167K)
[2019.09.30-06.06.41:994][  1]LogAssetRegistry: Asset discovery search completed in 6.3399 seconds
[2019.09.30-06.06.41:996][  1]LogCollectionManager: Rebuilt the object cache for 0 collections in 0.000001 seconds (found 0 objects)
[2019.09.30-06.06.41:996][  1]LogCollectionManager: Fixed up redirectors for 0 collections in 0.000060 seconds (updated 0 objects)
[2019.09.30-06.06.41:996][  1]LogDirectoryWatcher: A directory notification failed for 'L:/RepositoryName/RepositoryName/PlatformerTutorial/Saved/Collections/' because it was empty or there was a buffer overflow. Attemping another request...
[2019.09.30-06.06.41:997][  1]LogDirectoryWatcher: A directory notification failed for 'L:/RepositoryName/RepositoryName/PlatformerTutorial/Saved/Collections/', and we were unable to create a new request.
[2019.09.30-06.06.41:997][  1]LogDirectoryWatcher: A directory notification failed for 'L:/RepositoryName/RepositoryName/PlatformerTutorial/Content/Developers/s192125/Collections/' because it was empty or there was a buffer overflow. Attemping another request...
[2019.09.30-06.06.41:997][  1]LogDirectoryWatcher: A directory notification failed for 'L:/RepositoryName/RepositoryName/PlatformerTutorial/Content/Developers/s192125/Collections/', and we were unable to create a new request.
[2019.09.30-06.06.41:997][  1]LogDirectoryWatcher: A directory notification failed for 'L:/RepositoryName/RepositoryName/PlatformerTutorial/Content/Collections/' because it was empty or there was a buffer overflow. Attemping another request...
[2019.09.30-06.06.41:997][  1]LogDirectoryWatcher: A directory notification failed for 'L:/RepositoryName/RepositoryName/PlatformerTutorial/Content/Collections/', and we were unable to create a new request.
[2019.09.30-06.06.42:916][ 96]LogSlate: Took 0.000227 seconds to synchronously load lazily loaded font '../../../Engine/Content/Slate/Fonts/Roboto-Light.ttf' (167K)
[2019.09.30-06.08.27:378][ 15]LogSlate: FSceneViewport::OnFocusLost() reason 0
[2019.09.30-06.08.35:458][393]LogSlate: Window 'Pick Parent Class' being destroyed
[2019.09.30-06.10.37:249][976]LogSlate: FSceneViewport::OnFocusLost() reason 0
[2019.09.30-06.10.44:192][772]LogSlate: FSceneViewport::OnFocusLost() reason 0
[2019.09.30-06.11.18:752][889]LogAssetEditorManager: Opening Asset editor for Blueprint /Game/__MyContent/Blueprints/MySplinePlatform.MySplinePlatform
[2019.09.30-06.11.19:343][889]LogContentBrowser: Native class hierarchy updated for 'BlueprintGraph' in 0.0011 seconds. Added 116 classes and 0 folders.
[2019.09.30-06.11.24:068][191]LogSlate: Took 0.004796 seconds to synchronously load lazily loaded font '../../../Engine/Content/Slate/Fonts/Roboto-Italic.ttf' (157K)
[2019.09.30-06.11.25:458][275]LogRenderer: Reallocating scene render targets to support 1208x712 Format 10 NumSamples 1 (Frame:388).
[2019.09.30-06.12.38:550][882]LogSlate: Took 0.005157 seconds to synchronously load lazily loaded font '../../../Engine/Content/Slate/Fonts/Roboto-BoldCondensedItalic.ttf' (160K)
[2019.09.30-06.13.32:212][ 39]BlueprintLog: New page: Compile MySplinePlatform
[2019.09.30-06.13.33:162][ 96]Cmd: OBJ SAVEPACKAGE PACKAGE="/Game/__MyContent/Blueprints/MySplinePlatform" FILE="L:/RepositoryName/RepositoryName/PlatformerTutorial/Content/__MyContent/Blueprints/MySplinePlatform.uasset" SILENT=true
[2019.09.30-06.13.33:314][ 96]LogSavePackage: Moving 'L:/RepositoryName/RepositoryName/PlatformerTutorial/Saved/MySplinePlatform930B0F4240735D9BA6B1649CD4DF6B33.tmp' to 'L:/RepositoryName/RepositoryName/PlatformerTutorial/Content/__MyContent/Blueprints/MySplinePlatform.uasset'
[2019.09.30-06.13.33:853][133]LogSlate: Took 0.004310 seconds to synchronously load lazily loaded font '../../../Engine/Content/Slate/Fonts/Roboto-BoldCondensed.ttf' (158K)
[2019.09.30-06.15.04:750][ 16]BlueprintLog: New page: Compile MySplinePlatform
[2019.09.30-06.15.17:842][203]Cmd: OBJ SAVEPACKAGE PACKAGE="/Game/__MyContent/Blueprints/MySplinePlatform" FILE="L:/RepositoryName/RepositoryName/PlatformerTutorial/Content/__MyContent/Blueprints/MySplinePlatform.uasset" SILENT=true
[2019.09.30-06.15.18:037][203]LogSavePackage: Moving 'L:/RepositoryName/RepositoryName/PlatformerTutorial/Saved/MySplinePlatformF05D9EA4453BD21290CCA8A4E373D455.tmp' to 'L:/RepositoryName/RepositoryName/PlatformerTutorial/Content/__MyContent/Blueprints/MySplinePlatform.uasset'
[2019.09.30-06.17.01:075][ 64]LogSlate: FSceneViewport::OnFocusLost() reason 2
[2019.09.30-06.17.56:259][938]BlueprintLog: New page: Compile MySplinePlatform
[2019.09.30-06.18.38:508][626]LogSlate: FSceneViewport::OnFocusLost() reason 2
[2019.09.30-06.19.11:374][752]LogSavePackage: Moving 'L:/RepositoryName/RepositoryName/PlatformerTutorial/Saved/Level_1_Auto1435D7C0B423E2C793EF05598FB0D111A.tmp' to 'L:/RepositoryName/RepositoryName/PlatformerTutorial/Saved/Autosaves/Game/__MyContent/Maps/Level_1_Auto1.umap'
[2019.09.30-06.19.11:400][752]LogFileHelpers: Editor autosave (incl. sublevels) for '/Game/__MyContent/Maps/Level_1' took 0.530
[2019.09.30-06.19.11:400][752]LogFileHelpers: Editor autosave (incl. sublevels) for all levels took 0.530
[2019.09.30-06.19.11:405][752]OBJ SavePackage: Generating thumbnails for [0] asset(s) in package [/Game/__MyContent/Blueprints/MySplinePlatform] ([1] browsable assets)...
[2019.09.30-06.19.11:405][752]OBJ SavePackage: Finished generating thumbnails for package [/Game/__MyContent/Blueprints/MySplinePlatform]
[2019.09.30-06.19.11:502][752]LogSavePackage: Moving 'L:/RepositoryName/RepositoryName/PlatformerTutorial/Saved/MySplinePlatform_Auto1911D6B1A41423500866AC391FCB81E83.tmp' to 'L:/RepositoryName/RepositoryName/PlatformerTutorial/Saved/Autosaves/Game/__MyContent/Blueprints/MySplinePlatform_Auto1.uasset'
[2019.09.30-06.19.11:513][752]LogFileHelpers: Auto-saving content packages took 0.109
[2019.09.30-06.22.08:876][205]LogSlate: FSceneViewport::OnFocusLost() reason 0
[2019.09.30-06.24.17:148][351]BlueprintLog: New page: Compile MySplinePlatform
[2019.09.30-06.29.03:236][801]BlueprintLog: New page: Compile MySplinePlatform
[2019.09.30-06.29.10:622][428]Cmd: OBJ SAVEPACKAGE PACKAGE="/Game/__MyContent/Blueprints/MySplinePlatform" FILE="L:/RepositoryName/RepositoryName/PlatformerTutorial/Content/__MyContent/Blueprints/MySplinePlatform.uasset" SILENT=true
[2019.09.30-06.29.10:857][428]LogSavePackage: Moving 'L:/RepositoryName/RepositoryName/PlatformerTutorial/Saved/MySplinePlatform256280454CC5A714775A2CBA11634388.tmp' to 'L:/RepositoryName/RepositoryName/PlatformerTutorial/Content/__MyContent/Blueprints/MySplinePlatform.uasset'
[2019.09.30-06.29.12:134][539]LogSlate: FSceneViewport::OnFocusLost() reason 0
[2019.09.30-06.29.13:719][726]LogSlate: FSceneViewport::OnFocusLost() reason 0
[2019.09.30-06.29.13:794][735]LogTemp: Repeating last play command: New Editor Window (PIE)
[2019.09.30-06.29.13:811][735]LogPlayLevel: PlayLevel: No blueprints needed recompiling
[2019.09.30-06.29.13:824][735]PIE: New page: PIE session: Level_1 (Oct 1, 2019, 2:29:13 AM)
[2019.09.30-06.29.13:824][735]LogPlayLevel: Creating play world package: /Game/__MyContent/Maps/UEDPIE_0_Level_1
[2019.09.30-06.29.13:828][735]LogPlayLevel: PIE: StaticDuplicateObject took: (0.003780s)
[2019.09.30-06.29.13:829][735]LogAIModule: Creating AISystem for world Level_1
[2019.09.30-06.29.13:829][735]LogPlayLevel: PIE: World Init took: (0.001009s)
[2019.09.30-06.29.13:829][735]LogPlayLevel: PIE: Created PIE world by copying editor world from /Game/__MyContent/Maps/Level_1.Level_1 to /Game/__MyContent/Maps/UEDPIE_0_Level_1.Level_1 (0.004988s)
[2019.09.30-06.29.13:861][735]LogInit: XAudio2 using 'Speakers (High Definition Audio Device)' : 2 channels at 48 kHz using 16 bits per sample (channel mask 0x3)
[2019.09.30-06.29.13:870][735]LogInit: FAudioDevice initialized.
[2019.09.30-06.29.13:878][735]LogSlate: Updating window title bar state: overlay mode, drag disabled, window buttons hidden, title bar hidden
[2019.09.30-06.29.13:934][735]LogLoad: Game class is 'GameModeBase'
[2019.09.30-06.29.13:937][735]LogWorld: Bringing World /Game/__MyContent/Maps/UEDPIE_0_Level_1.Level_1 up for play (max tick rate 0) at 2019.09.30-16.29.13
[2019.09.30-06.29.13:938][735]LogWorld: Bringing up level for play took: 0.002127
[2019.09.30-06.29.13:959][735]LogContentBrowser: Native class hierarchy updated for 'MovieSceneCapture' in 0.0008 seconds. Added 10 classes and 0 folders.
[2019.09.30-06.29.13:964][735]PIE: Play in editor start time for /Game/__MyContent/Maps/UEDPIE_0_Level_1 -0.4
[2019.09.30-06.29.14:022][735]LogRenderer: Reallocating scene render targets to support 1612x936 Format 10 NumSamples 1 (Frame:1).
[2019.09.30-06.29.24:923][945]LogSlate: Updating window title bar state: overlay mode, drag disabled, window buttons hidden, title bar hidden
[2019.09.30-06.29.24:938][945]LogSlate: Window 'PlatformerTutorial Game Preview Standalone (64-bit/PCD3D_SM5)' being destroyed
[2019.09.30-06.29.24:969][945]LogPlayLevel: Display: Shutting down PIE online subsystems
[2019.09.30-06.29.25:024][946]LogPlayLevel: Display: Destroying online subsystem :Context_4
[2019.09.30-06.29.28:713][386]LogEditorViewport: Clicking on Actor (LMB): MySplinePlatform_C (Platform2)
[2019.09.30-06.31.46:029][547]LogSlate: FSceneViewport::OnFocusLost() reason 2
[2019.09.30-06.31.46:581][547]LogSavePackage: Moving 'L:/RepositoryName/RepositoryName/PlatformerTutorial/Saved/Level_1_Auto28AA8876B40544374F531678B286C63BF.tmp' to 'L:/RepositoryName/RepositoryName/PlatformerTutorial/Saved/Autosaves/Game/__MyContent/Maps/Level_1_Auto2.umap'
[2019.09.30-06.31.46:597][547]LogFileHelpers: Editor autosave (incl. sublevels) for '/Game/__MyContent/Maps/Level_1' took 0.552
[2019.09.30-06.31.46:597][547]LogFileHelpers: Editor autosave (incl. sublevels) for all levels took 0.552
[2019.09.30-06.32.30:604][646]LogEditorViewport: Clicking on Actor (context menu): StaticMeshActor (Floor)
[2019.09.30-06.32.30:659][646]LogSlate: FSceneViewport::OnFocusLost() reason 2
[2019.09.30-06.32.32:381][847]LogEditorViewport: Clicking on Actor (LMB): MySplinePlatform_C (Platform2)
[2019.09.30-06.33.24:918][796]LogEditorViewport: Clicking on Actor (context menu): StaticMeshActor (Floor)
[2019.09.30-06.33.24:976][796]LogSlate: FSceneViewport::OnFocusLost() reason 2
[2019.09.30-06.33.31:904][617]LogEditorViewport: Clicking on Actor (LMB): StaticMeshActor (Floor)
[2019.09.30-06.33.48:199][543]LogSlate: FSceneViewport::OnFocusLost() reason 0
[2019.09.30-06.33.48:341][560]LogTemp: Repeating last play command: New Editor Window (PIE)
[2019.09.30-06.33.48:356][560]LogPlayLevel: PlayLevel: No blueprints needed recompiling
[2019.09.30-06.33.48:356][560]PIE: New page: PIE session: Level_1 (Oct 1, 2019, 2:33:48 AM)
[2019.09.30-06.33.48:356][560]LogPlayLevel: Creating play world package: /Game/__MyContent/Maps/UEDPIE_0_Level_1
[2019.09.30-06.33.48:360][560]LogPlayLevel: PIE: StaticDuplicateObject took: (0.003937s)
[2019.09.30-06.33.48:361][560]LogAIModule: Creating AISystem for world Level_1
[2019.09.30-06.33.48:361][560]LogPlayLevel: PIE: World Init took: (0.000958s)
[2019.09.30-06.33.48:361][560]LogPlayLevel: PIE: Created PIE world by copying editor world from /Game/__MyContent/Maps/Level_1.Level_1 to /Game/__MyContent/Maps/UEDPIE_0_Level_1.Level_1 (0.005051s)
[2019.09.30-06.33.48:400][560]LogInit: XAudio2 using 'Speakers (High Definition Audio Device)' : 2 channels at 48 kHz using 16 bits per sample (channel mask 0x3)
[2019.09.30-06.33.48:409][560]LogInit: FAudioDevice initialized.
[2019.09.30-06.33.48:417][560]LogSlate: Updating window title bar state: overlay mode, drag disabled, window buttons hidden, title bar hidden
[2019.09.30-06.33.48:456][560]LogLoad: Game class is 'GameModeBase'
[2019.09.30-06.33.48:459][560]LogWorld: Bringing World /Game/__MyContent/Maps/UEDPIE_0_Level_1.Level_1 up for play (max tick rate 0) at 2019.09.30-16.33.48
[2019.09.30-06.33.48:459][560]LogWorld: Bringing up level for play took: 0.002202
[2019.09.30-06.33.48:475][560]PIE: Play in editor start time for /Game/__MyContent/Maps/UEDPIE_0_Level_1 0.111
[2019.09.30-06.34.01:256][962]LogSlate: Updating window title bar state: overlay mode, drag disabled, window buttons hidden, title bar hidden
[2019.09.30-06.34.01:272][962]LogSlate: Window 'PlatformerTutorial Game Preview Standalone (64-bit/PCD3D_SM5)' being destroyed
[2019.09.30-06.34.01:315][962]LogPlayLevel: Display: Shutting down PIE online subsystems
[2019.09.30-06.34.01:358][963]LogPlayLevel: Display: Destroying online subsystem :Context_5
[2019.09.30-06.34.11:104][128]LogSlate: FSceneViewport::OnFocusLost() reason 0
[2019.09.30-06.34.17:940][849]LogEditorViewport: Clicking on Actor (LMB): StaticMeshActor (Floor)
[2019.09.30-06.34.19:550][996]LogSlate: FSceneViewport::OnFocusLost() reason 0
[2019.09.30-06.34.19:633][  6]LogTemp: Repeating last play command: New Editor Window (PIE)
[2019.09.30-06.34.19:648][  6]LogPlayLevel: PlayLevel: No blueprints needed recompiling
[2019.09.30-06.34.19:648][  6]PIE: New page: PIE session: Level_1 (Oct 1, 2019, 2:34:19 AM)
[2019.09.30-06.34.19:648][  6]LogPlayLevel: Creating play world package: /Game/__MyContent/Maps/UEDPIE_0_Level_1
[2019.09.30-06.34.19:652][  6]LogPlayLevel: PIE: StaticDuplicateObject took: (0.003816s)
[2019.09.30-06.34.19:653][  6]LogAIModule: Creating AISystem for world Level_1
[2019.09.30-06.34.19:653][  6]LogPlayLevel: PIE: World Init took: (0.001142s)
[2019.09.30-06.34.19:653][  6]LogPlayLevel: PIE: Created PIE world by copying editor world from /Game/__MyContent/Maps/Level_1.Level_1 to /Game/__MyContent/Maps/UEDPIE_0_Level_1.Level_1 (0.005126s)
[2019.09.30-06.34.19:684][  6]LogInit: XAudio2 using 'Speakers (High Definition Audio Device)' : 2 channels at 48 kHz using 16 bits per sample (channel mask 0x3)
[2019.09.30-06.34.19:692][  6]LogInit: FAudioDevice initialized.
[2019.09.30-06.34.19:701][  6]LogSlate: Updating window title bar state: overlay mode, drag disabled, window buttons hidden, title bar hidden
[2019.09.30-06.34.19:745][  6]LogLoad: Game class is 'GameModeBase'
[2019.09.30-06.34.19:748][  6]LogWorld: Bringing World /Game/__MyContent/Maps/UEDPIE_0_Level_1.Level_1 up for play (max tick rate 0) at 2019.09.30-16.34.19
[2019.09.30-06.34.19:748][  6]LogWorld: Bringing up level for play took: 0.001975
[2019.09.30-06.34.19:765][  6]PIE: Play in editor start time for /Game/__MyContent/Maps/UEDPIE_0_Level_1 -0.6
[2019.09.30-06.34.20:171][ 31]LogSlate: Updating window title bar state: overlay mode, drag disabled, window buttons hidden, title bar hidden
[2019.09.30-06.34.20:188][ 31]LogSlate: Window 'PlatformerTutorial Game Preview Standalone (64-bit/PCD3D_SM5)' being destroyed
[2019.09.30-06.34.20:234][ 31]LogPlayLevel: Display: Shutting down PIE online subsystems
[2019.09.30-06.34.20:281][ 32]LogPlayLevel: Display: Destroying online subsystem :Context_6
[2019.09.30-06.34.22:598][307]LogSlate: FSceneViewport::OnFocusLost() reason 0
[2019.09.30-06.34.22:816][332]LogAssetEditorManager: Opening Asset editor for Blueprint /Game/__MyContent/Blueprints/MyWaypointPlatform.MyWaypointPlatform
[2019.09.30-06.36.29:318][496]BlueprintLog: New page: Compile MySplinePlatform
[2019.09.30-06.36.30:112][546]Cmd: OBJ SAVEPACKAGE PACKAGE="/Game/__MyContent/Blueprints/MySplinePlatform" FILE="L:/RepositoryName/RepositoryName/PlatformerTutorial/Content/__MyContent/Blueprints/MySplinePlatform.uasset" SILENT=true
[2019.09.30-06.36.30:363][546]LogSavePackage: Moving 'L:/RepositoryName/RepositoryName/PlatformerTutorial/Saved/MySplinePlatform620DF5D24DE96ACC4DFD438FF16FCD8E.tmp' to 'L:/RepositoryName/RepositoryName/PlatformerTutorial/Content/__MyContent/Blueprints/MySplinePlatform.uasset'
[2019.09.30-06.36.33:848][694]LogSlate: FSceneViewport::OnFocusLost() reason 2
[2019.09.30-06.36.37:191][ 36]LogEditorViewport: Clicking on Actor (LMB): MySplinePlatform_C (Platform2)
[2019.09.30-06.36.39:527][227]LogSlate: FSceneViewport::OnFocusLost() reason 0
[2019.09.30-06.36.42:679][592]LogTemp: Repeating last play command: New Editor Window (PIE)
[2019.09.30-06.36.42:697][592]LogPlayLevel: PlayLevel: No blueprints needed recompiling
[2019.09.30-06.36.42:697][592]PIE: New page: PIE session: Level_1 (Oct 1, 2019, 2:36:42 AM)
[2019.09.30-06.36.42:697][592]LogPlayLevel: Creating play world package: /Game/__MyContent/Maps/UEDPIE_0_Level_1
[2019.09.30-06.36.42:701][592]LogPlayLevel: PIE: StaticDuplicateObject took: (0.003875s)
[2019.09.30-06.36.42:702][592]LogAIModule: Creating AISystem for world Level_1
[2019.09.30-06.36.42:702][592]LogPlayLevel: PIE: World Init took: (0.000820s)
[2019.09.30-06.36.42:702][592]LogPlayLevel: PIE: Created PIE world by copying editor world from /Game/__MyContent/Maps/Level_1.Level_1 to /Game/__MyContent/Maps/UEDPIE_0_Level_1.Level_1 (0.004822s)
[2019.09.30-06.36.42:735][592]LogInit: XAudio2 using 'Speakers (High Definition Audio Device)' : 2 channels at 48 kHz using 16 bits per sample (channel mask 0x3)
[2019.09.30-06.36.42:744][592]LogInit: FAudioDevice initialized.
[2019.09.30-06.36.42:751][592]LogSlate: Updating window title bar state: overlay mode, drag disabled, window buttons hidden, title bar hidden
[2019.09.30-06.36.42:793][592]LogLoad: Game class is 'GameModeBase'
[2019.09.30-06.36.42:796][592]LogWorld: Bringing World /Game/__MyContent/Maps/UEDPIE_0_Level_1.Level_1 up for play (max tick rate 0) at 2019.09.30-16.36.42
[2019.09.30-06.36.42:796][592]LogWorld: Bringing up level for play took: 0.001957
[2019.09.30-06.36.42:812][592]PIE: Play in editor start time for /Game/__MyContent/Maps/UEDPIE_0_Level_1 0.447
[2019.09.30-06.36.45:742][914]LogSlate: Updating window title bar state: overlay mode, drag disabled, window buttons hidden, title bar hidden
[2019.09.30-06.36.45:756][914]LogSlate: Window 'PlatformerTutorial Game Preview Standalone (64-bit/PCD3D_SM5)' being destroyed
[2019.09.30-06.36.45:807][914]LogPlayLevel: Display: Shutting down PIE online subsystems
[2019.09.30-06.36.45:850][915]LogPlayLevel: Display: Destroying online subsystem :Context_8
[2019.09.30-06.36.47:716][136]LogEditorViewport: Clicking on Actor (LMB): MySplinePlatform_C (Platform2)
[2019.09.30-06.36.49:150][252]LogSlate: FSceneViewport::OnFocusLost() reason 0
[2019.09.30-06.36.53:771][623]LogEditorViewport: Clicking on Actor (context menu): StaticMeshActor (Floor)
[2019.09.30-06.36.54:179][623]LogSlate: FSceneViewport::OnFocusLost() reason 2
[2019.09.30-06.36.55:208][734]LogEditorViewport: Clicking on Actor (LMB): StaticMeshActor (Floor)
[2019.09.30-06.36.55:962][816]LogSlate: FSceneViewport::OnFocusLost() reason 0
[2019.09.30-06.36.56:037][825]LogTemp: Repeating last play command: New Editor Window (PIE)
[2019.09.30-06.36.56:050][825]LogPlayLevel: PlayLevel: No blueprints needed recompiling
[2019.09.30-06.36.56:050][825]PIE: New page: PIE session: Level_1 (Oct 1, 2019, 2:36:56 AM)
[2019.09.30-06.36.56:050][825]LogPlayLevel: Creating play world package: /Game/__MyContent/Maps/UEDPIE_0_Level_1
[2019.09.30-06.36.56:054][825]LogPlayLevel: PIE: StaticDuplicateObject took: (0.003609s)
[2019.09.30-06.36.56:054][825]LogAIModule: Creating AISystem for world Level_1
[2019.09.30-06.36.56:055][825]LogPlayLevel: PIE: World Init took: (0.000860s)
[2019.09.30-06.36.56:055][825]LogPlayLevel: PIE: Created PIE world by copying editor world from /Game/__MyContent/Maps/Level_1.Level_1 to /Game/__MyContent/Maps/UEDPIE_0_Level_1.Level_1 (0.004625s)
[2019.09.30-06.36.56:087][825]LogInit: XAudio2 using 'Speakers (High Definition Audio Device)' : 2 channels at 48 kHz using 16 bits per sample (channel mask 0x3)
[2019.09.30-06.36.56:096][825]LogInit: FAudioDevice initialized.
[2019.09.30-06.36.56:103][825]LogSlate: Updating window title bar state: overlay mode, drag disabled, window buttons hidden, title bar hidden
[2019.09.30-06.36.56:146][825]LogLoad: Game class is 'GameModeBase'
[2019.09.30-06.36.56:148][825]LogWorld: Bringing World /Game/__MyContent/Maps/UEDPIE_0_Level_1.Level_1 up for play (max tick rate 0) at 2019.09.30-16.36.56
[2019.09.30-06.36.56:148][825]LogWorld: Bringing up level for play took: 0.001879
[2019.09.30-06.36.56:165][825]PIE: Play in editor start time for /Game/__MyContent/Maps/UEDPIE_0_Level_1 -0.2
[2019.09.30-06.36.58:222][ 47]LogSlate: Updating window title bar state: overlay mode, drag disabled, window buttons hidden, title bar hidden
[2019.09.30-06.36.58:236][ 47]LogSlate: Window 'PlatformerTutorial Game Preview Standalone (64-bit/PCD3D_SM5)' being destroyed
[2019.09.30-06.36.58:271][ 47]LogPlayLevel: Display: Shutting down PIE online subsystems
[2019.09.30-06.36.58:341][ 49]LogPlayLevel: Display: Destroying online subsystem :Context_9
[2019.09.30-06.37.00:325][287]LogEditorViewport: Clicking on Actor (LMB): MySplinePlatform_C (Platform2)
[2019.09.30-06.37.01:524][392]LogSlate: FSceneViewport::OnFocusLost() reason 0
[2019.09.30-06.37.04:937][703]LogTemp: Repeating last play command: New Editor Window (PIE)
[2019.09.30-06.37.04:950][703]LogPlayLevel: PlayLevel: No blueprints needed recompiling
[2019.09.30-06.37.04:950][703]PIE: New page: PIE session: Level_1 (Oct 1, 2019, 2:37:04 AM)
[2019.09.30-06.37.04:950][703]LogPlayLevel: Creating play world package: /Game/__MyContent/Maps/UEDPIE_0_Level_1
[2019.09.30-06.37.04:953][703]LogPlayLevel: PIE: StaticDuplicateObject took: (0.003387s)
[2019.09.30-06.37.04:954][703]LogAIModule: Creating AISystem for world Level_1
[2019.09.30-06.37.04:954][703]LogPlayLevel: PIE: World Init took: (0.000980s)
[2019.09.30-06.37.04:954][703]LogPlayLevel: PIE: Created PIE world by copying editor world from /Game/__MyContent/Maps/Level_1.Level_1 to /Game/__MyContent/Maps/UEDPIE_0_Level_1.Level_1 (0.004502s)
[2019.09.30-06.37.04:985][703]LogInit: XAudio2 using 'Speakers (High Definition Audio Device)' : 2 channels at 48 kHz using 16 bits per sample (channel mask 0x3)
[2019.09.30-06.37.04:993][703]LogInit: FAudioDevice initialized.
[2019.09.30-06.37.05:001][703]LogSlate: Updating window title bar state: overlay mode, drag disabled, window buttons hidden, title bar hidden
[2019.09.30-06.37.05:042][703]LogLoad: Game class is 'GameModeBase'
[2019.09.30-06.37.05:045][703]LogWorld: Bringing World /Game/__MyContent/Maps/UEDPIE_0_Level_1.Level_1 up for play (max tick rate 0) at 2019.09.30-16.37.05
[2019.09.30-06.37.05:045][703]LogWorld: Bringing up level for play took: 0.002006
[2019.09.30-06.37.05:062][703]PIE: Play in editor start time for /Game/__MyContent/Maps/UEDPIE_0_Level_1 0.696
[2019.09.30-06.37.09:894][239]LogSlate: Updating window title bar state: overlay mode, drag disabled, window buttons hidden, title bar hidden
[2019.09.30-06.37.09:909][239]LogSlate: Window 'PlatformerTutorial Game Preview Standalone (64-bit/PCD3D_SM5)' being destroyed
[2019.09.30-06.37.09:941][239]LogPlayLevel: Display: Shutting down PIE online subsystems
[2019.09.30-06.37.10:015][241]LogPlayLevel: Display: Destroying online subsystem :Context_10
[2019.09.30-06.39.57:910][387]LogSlate: FSceneViewport::OnFocusLost() reason 0
[2019.09.30-06.39.57:987][394]Cmd: OBJ SAVEPACKAGE PACKAGE="/Game/__MyContent/Maps/Level_1" FILE="L:/RepositoryName/RepositoryName/PlatformerTutorial/Content/__MyContent/Maps/Level_1.umap" SILENT=true AUTOSAVING=false KEEPDIRTY=false
[2019.09.30-06.39.58:671][394]LogSavePackage: Moving 'L:/RepositoryName/RepositoryName/PlatformerTutorial/Saved/Level_18F7208CF48C272A71402CCB0EEB6916B.tmp' to 'L:/RepositoryName/RepositoryName/PlatformerTutorial/Content/__MyContent/Maps/Level_1.umap'
[2019.09.30-06.39.58:724][394]Cmd: OBJ SAVEPACKAGE PACKAGE="/Game/__MyContent/Maps/Level_1_BuiltData" FILE="L:/RepositoryName/RepositoryName/PlatformerTutorial/Content/__MyContent/Maps/Level_1_BuiltData.uasset" SILENT=true
[2019.09.30-06.39.58:835][394]LogSavePackage: Moving 'L:/RepositoryName/RepositoryName/PlatformerTutorial/Saved/Level_1_BuiltData8044A9A24AFDFCFE2A4D97848B1C7FC1.tmp' to 'L:/RepositoryName/RepositoryName/PlatformerTutorial/Content/__MyContent/Maps/Level_1_BuiltData.uasset'
[2019.09.30-06.40.13:274][103]LogSlate: FSceneViewport::OnFocusLost() reason 0
[2019.09.30-06.40.13:490][110]LogSlate: Window 'MyWaypointPlatform' being destroyed
[2019.09.30-06.40.13:495][110]LogActorComponent: UnregisterComponent: (/Engine/Transient.EditorFloorComp) Not registered. Aborting.
[2019.09.30-06.40.13:555][110]LogSlate: Window 'PlatformerTutorial - Unreal Editor' being destroyed
[2019.09.30-06.40.13:556][110]LogWindowsTextInputMethodSystem: Display: IME system now deactivated.
[2019.09.30-06.40.13:763][111]Cmd: QUIT_EDITOR
[2019.09.30-06.40.14:727][111]LogExit: Preparing to exit.
[2019.09.30-06.40.15:417][111]LogExit: Editor shut down
[2019.09.30-06.40.15:417][111]LogExit: Transaction tracking system shut down
[2019.09.30-06.40.16:021][111]LogExit: Object subsystem successfully closed.
[2019.09.30-06.40.16:040][111]LogShaderCompilers: Display: Shaders left to compile 0
[2019.09.30-06.40.16:043][111]LogD3D11RHI: Shutdown
[2019.09.30-06.40.16:043][111]LogD3D11RHI: CleanupD3DDevice
[2019.09.30-06.40.16:045][111]LogD3D11RHI: ~FD3D11DynamicRHI
[2019.09.30-06.40.16:065][111]LogModuleManager: Shutting down and abandoning module MovieSceneCapture (618)
[2019.09.30-06.40.16:065][111]LogModuleManager: Shutting down and abandoning module Voice (616)
[2019.09.30-06.40.16:065][111]LogModuleManager: Shutting down and abandoning module BlueprintGraph (614)
[2019.09.30-06.40.16:065][111]LogModuleManager: Shutting down and abandoning module HierarchicalLODOutliner (612)
[2019.09.30-06.40.16:065][111]LogModuleManager: Shutting down and abandoning module ExternalImagePicker (610)
[2019.09.30-06.40.16:065][111]LogModuleManager: Shutting down and abandoning module SceneOutliner (608)
[2019.09.30-06.40.16:065][111]LogModuleManager: Shutting down and abandoning module AddContentDialog (606)
[2019.09.30-06.40.16:065][111]LogModuleManager: Shutting down and abandoning module WidgetCarousel (605)
[2019.09.30-06.40.16:065][111]LogModuleManager: Shutting down and abandoning module EditorWidgets (602)
[2019.09.30-06.40.16:066][111]LogModuleManager: Shutting down and abandoning module CollectionManager (600)
[2019.09.30-06.40.16:066][111]LogModuleManager: Shutting down and abandoning module StatsViewer (598)
[2019.09.30-06.40.16:066][111]LogModuleManager: Shutting down and abandoning module FoliageEdit (596)
[2019.09.30-06.40.16:066][111]LogModuleManager: Shutting down and abandoning module LandscapeEditor (594)
[2019.09.30-06.40.16:066][111]LogModuleManager: Shutting down and abandoning module MeshPaintMode (592)
[2019.09.30-06.40.16:066][111]LogModuleManager: Shutting down and abandoning module SceneDepthPickerMode (590)
[2019.09.30-06.40.16:066][111]LogModuleManager: Shutting down and abandoning module ActorPickerMode (588)
[2019.09.30-06.40.16:066][111]LogModuleManager: Shutting down and abandoning module GeometryMode (586)
[2019.09.30-06.40.16:066][111]LogModuleManager: Shutting down and abandoning module TextureAlignMode (584)
[2019.09.30-06.40.16:066][111]LogModuleManager: Shutting down and abandoning module BspMode (582)
[2019.09.30-06.40.16:066][111]LogModuleManager: Shutting down and abandoning module PIEPreviewDeviceProfileSelector (580)
[2019.09.30-06.40.16:066][111]LogModuleManager: Shutting down and abandoning module SequenceRecorderSections (578)
[2019.09.30-06.40.16:066][111]LogModuleManager: Shutting down and abandoning module AutomationWorker (576)
[2019.09.30-06.40.16:066][111]LogModuleManager: Shutting down and abandoning module AudioCaptureEditor (574)
[2019.09.30-06.40.16:066][111]LogModuleManager: Shutting down and abandoning module SequenceRecorder (573)
[2019.09.30-06.40.16:066][111]LogModuleManager: Shutting down and abandoning module MatineeToLevelSequence (570)
[2019.09.30-06.40.16:066][111]LogModuleManager: Shutting down and abandoning module LevelSequenceEditor (568)
[2019.09.30-06.40.16:066][111]LogModuleManager: Shutting down and abandoning module PlacementMode (567)
[2019.09.30-06.40.16:066][111]LogModuleManager: Shutting down and abandoning module MaterialEditor (566)
[2019.09.30-06.40.16:066][111]LogModuleManager: Shutting down and abandoning module WmfMediaFactory (562)
[2019.09.30-06.40.16:066][111]LogModuleManager: Shutting down and abandoning module WmfMediaEditor (560)
[2019.09.30-06.40.16:066][111]LogModuleManager: Shutting down and abandoning module MediaPlayerEditor (558)
[2019.09.30-06.40.16:066][111]LogModuleManager: Shutting down and abandoning module OpenExrWrapper (556)
[2019.09.30-06.40.16:066][111]LogModuleManager: Shutting down and abandoning module ImgMediaFactory (554)
[2019.09.30-06.40.16:066][111]LogModuleManager: Shutting down and abandoning module ImgMediaEditor (552)
[2019.09.30-06.40.16:066][111]LogModuleManager: Shutting down and abandoning module AvfMediaFactory (550)
[2019.09.30-06.40.16:066][111]LogModuleManager: Shutting down and abandoning module AvfMediaEditor (548)
[2019.09.30-06.40.16:066][111]LogModuleManager: Shutting down and abandoning module AndroidMediaFactory (546)
[2019.09.30-06.40.16:066][111]LogModuleManager: Shutting down and abandoning module AndroidMediaEditor (544)
[2019.09.30-06.40.16:066][111]LogModuleManager: Shutting down and abandoning module MagicLeapCameraPreviewFactory (542)
[2019.09.30-06.40.16:066][111]LogModuleManager: Shutting down and abandoning module MagicLeapMediaFactory (540)
[2019.09.30-06.40.16:066][111]LogModuleManager: Shutting down and abandoning module MagicLeapMediaEditor (538)
[2019.09.30-06.40.16:066][111]LogModuleManager: Shutting down and abandoning module CharacterAI (536)
[2019.09.30-06.40.16:066][111]LogModuleManager: Shutting down and abandoning module SmartSnapping (534)
[2019.09.30-06.40.16:066][111]LogModuleManager: Shutting down and abandoning module SessionServices (532)
[2019.09.30-06.40.16:067][111]LogModuleManager: Shutting down and abandoning module ViewportSnapping (530)
[2019.09.30-06.40.16:067][111]LogModuleManager: Shutting down and abandoning module ViewportInteraction (528)
[2019.09.30-06.40.16:067][111]LogModuleManager: Shutting down and abandoning module ClothPainter (526)
[2019.09.30-06.40.16:067][111]LogModuleManager: Shutting down and abandoning module SkeletalMeshEditor (525)
[2019.09.30-06.40.16:067][111]LogModuleManager: Shutting down and abandoning module LogVisualizer (522)
[2019.09.30-06.40.16:067][111]LogModuleManager: Shutting down and abandoning module IntroTutorials (520)
[2019.09.30-06.40.16:067][111]LogModuleManager: Shutting down and abandoning module GameProjectGeneration (519)
[2019.09.30-06.40.16:067][111]LogModuleManager: Shutting down and abandoning module LuminPlatformEditor (516)
[2019.09.30-06.40.16:067][111]LogModuleManager: Shutting down and abandoning module IOSPlatformEditor (514)
[2019.09.30-06.40.16:067][111]LogModuleManager: Shutting down and abandoning module HTML5PlatformEditor (512)
[2019.09.30-06.40.16:067][111]LogModuleManager: Shutting down and abandoning module AndroidPlatformEditor (510)
[2019.09.30-06.40.16:067][111]LogModuleManager: Shutting down and abandoning module AndroidDeviceDetection (509)
[2019.09.30-06.40.17:366][111]LogModuleManager: Shutting down and abandoning module WindowsPlatformEditor (506)
[2019.09.30-06.40.17:366][111]LogModuleManager: Shutting down and abandoning module LuminRuntimeSettings (504)
[2019.09.30-06.40.17:366][111]LogModuleManager: Shutting down and abandoning module IOSRuntimeSettings (502)
[2019.09.30-06.40.17:366][111]LogModuleManager: Shutting down and abandoning module AndroidRuntimeSettings (500)
[2019.09.30-06.40.17:366][111]LogModuleManager: Shutting down and abandoning module InputBindingEditor (498)
[2019.09.30-06.40.17:366][111]LogModuleManager: Shutting down and abandoning module MergeActors (496)
[2019.09.30-06.40.17:366][111]LogModuleManager: Shutting down and abandoning module LocalizationDashboard (494)
[2019.09.30-06.40.17:366][111]LogModuleManager: Shutting down and abandoning module LocalizationService (493)
[2019.09.30-06.40.17:367][111]LogModuleManager: Shutting down and abandoning module HardwareTargeting (490)
[2019.09.30-06.40.17:367][111]LogModuleManager: Shutting down and abandoning module DeviceProfileEditor (488)
[2019.09.30-06.40.17:367][111]LogModuleManager: Shutting down and abandoning module UndoHistory (486)
[2019.09.30-06.40.17:367][111]LogModuleManager: Shutting down and abandoning module XmlParser (484)
[2019.09.30-06.40.17:367][111]LogModuleManager: Shutting down and abandoning module Blutility (482)
[2019.09.30-06.40.17:367][111]LogModuleManager: Shutting down and abandoning module ProjectSettingsViewer (480)
[2019.09.30-06.40.17:367][111]LogModuleManager: Shutting down and abandoning module ProjectTargetPlatformEditor (479)
[2019.09.30-06.40.17:367][111]LogModuleManager: Shutting down and abandoning module EditorSettingsViewer (476)
[2019.09.30-06.40.17:367][111]LogModuleManager: Shutting down and abandoning module SettingsEditor (474)
[2019.09.30-06.40.17:367][111]LogModuleManager: Shutting down and abandoning module ProjectLauncher (472)
[2019.09.30-06.40.17:367][111]LogModuleManager: Shutting down and abandoning module SessionFrontend (470)
[2019.09.30-06.40.17:367][111]LogModuleManager: Shutting down and abandoning module ProfilerClient (468)
[2019.09.30-06.40.17:367][111]LogModuleManager: Shutting down and abandoning module DeviceManager (466)
[2019.09.30-06.40.17:367][111]LogModuleManager: Shutting down and abandoning module TargetDeviceServices (465)
[2019.09.30-06.40.17:433][111]LogModuleManager: Shutting down and abandoning module AutomationController (462)
[2019.09.30-06.40.17:433][111]LogModuleManager: Shutting down and abandoning module AutomationWindow (460)
[2019.09.30-06.40.17:433][111]LogModuleManager: Shutting down and abandoning module Layers (458)
[2019.09.30-06.40.17:433][111]LogModuleManager: Shutting down and abandoning module ComponentVisualizers (456)
[2019.09.30-06.40.17:433][111]LogModuleManager: Shutting down and abandoning module DetailCustomizations (454)
[2019.09.30-06.40.17:433][111]LogModuleManager: Shutting down and abandoning module PackagesDialog (452)
[2019.09.30-06.40.17:433][111]LogModuleManager: Shutting down and abandoning module Persona (450)
[2019.09.30-06.40.17:433][111]LogModuleManager: Shutting down and abandoning module AdvancedPreviewScene (449)
[2019.09.30-06.40.17:433][111]LogModuleManager: Shutting down and abandoning module AnimGraph (447)
[2019.09.30-06.40.17:433][111]LogModuleManager: Shutting down and abandoning module Kismet (444)
[2019.09.30-06.40.17:438][111]LogModuleManager: Shutting down and abandoning module GraphEditor (442)
[2019.09.30-06.40.17:438][111]LogModuleManager: Shutting down and abandoning module ClassViewer (440)
[2019.09.30-06.40.17:439][111]LogModuleManager: Shutting down and abandoning module Toolbox (438)
[2019.09.30-06.40.17:439][111]LogModuleManager: Shutting down and abandoning module ModuleUI (436)
[2019.09.30-06.40.17:439][111]LogModuleManager: Shutting down and abandoning module MovieSceneTools (434)
[2019.09.30-06.40.17:439][111]LogModuleManager: Shutting down and abandoning module OutputLog (432)
[2019.09.30-06.40.17:439][111]LogModuleManager: Shutting down and abandoning module GammaUI (430)
[2019.09.30-06.40.17:439][111]LogModuleManager: Shutting down and abandoning module Documentation (428)
[2019.09.30-06.40.17:439][111]LogModuleManager: Shutting down and abandoning module MovieSceneTracks (426)
[2019.09.30-06.40.17:439][111]LogModuleManager: Shutting down and abandoning module MovieScene (424)
[2019.09.30-06.40.17:439][111]LogModuleManager: Shutting down and abandoning module StreamingPauseRendering (422)
[2019.09.30-06.40.17:439][111]LogModuleManager: Shutting down and abandoning module LauncherPlatform (420)
[2019.09.30-06.40.17:439][111]LogModuleManager: Shutting down and abandoning module AnalyticsET (418)
[2019.09.30-06.40.17:439][111]LogModuleManager: Shutting down and abandoning module PortalServices (416)
[2019.09.30-06.40.17:439][111]LogModuleManager: Shutting down and abandoning module PortalRpc (414)
[2019.09.30-06.40.17:439][111]LogModuleManager: Shutting down and abandoning module MessagingRpc (412)
[2019.09.30-06.40.17:439][111]LogModuleManager: Shutting down and abandoning module AIModule (410)
[2019.09.30-06.40.17:439][111]LogModuleManager: Shutting down and abandoning module GameplayDebugger (409)
[2019.09.30-06.40.17:439][111]LogModuleManager: Shutting down and abandoning module AITestSuite (407)
[2019.09.30-06.40.17:439][111]LogModuleManager: Shutting down and abandoning module NavigationSystem (405)
[2019.09.30-06.40.17:439][111]LogModuleManager: Shutting down and abandoning module DesktopPlatform (402)
[2019.09.30-06.40.17:439][111]LogModuleManager: Shutting down and abandoning module ProfilerService (400)
[2019.09.30-06.40.17:534][111]LogModuleManager: Shutting down and abandoning module TaskGraph (398)
[2019.09.30-06.40.17:534][111]LogModuleManager: Shutting down and abandoning module SteamVRController (396)
[2019.09.30-06.40.17:534][111]LogModuleManager: Shutting down and abandoning module ProceduralMeshComponentEditor (394)
[2019.09.30-06.40.17:534][111]LogModuleManager: Shutting down and abandoning module ProceduralMeshComponent (392)
[2019.09.30-06.40.17:534][111]LogModuleManager: Shutting down and abandoning module OculusInput (390)
[2019.09.30-06.40.17:534][111]LogModuleManager: Shutting down and abandoning module MobilePatchingUtils (388)
[2019.09.30-06.40.17:534][111]LogModuleManager: Shutting down and abandoning module EditableMesh (386)
[2019.09.30-06.40.17:534][111]LogModuleManager: Shutting down and abandoning module CustomMeshComponent (384)
[2019.09.30-06.40.17:534][111]LogModuleManager: Shutting down and abandoning module CableComponent (382)
[2019.09.30-06.40.17:534][111]LogModuleManager: Shutting down and abandoning module AudioCapture (380)
[2019.09.30-06.40.17:534][111]LogModuleManager: Shutting down and abandoning module ArchVisCharacter (378)
[2019.09.30-06.40.17:534][111]LogModuleManager: Shutting down and abandoning module AndroidPermission (376)
[2019.09.30-06.40.17:534][111]LogModuleManager: Shutting down and abandoning module NUTUnrealEngine4 (374)
[2019.09.30-06.40.17:535][111]LogModuleManager: Shutting down and abandoning module NetcodeUnitTest (372)
[2019.09.30-06.40.17:535][111]LogModuleManager: Shutting down and abandoning module MediaCompositingEditor (370)
[2019.09.30-06.40.17:535][111]LogModuleManager: Shutting down and abandoning module MediaCompositing (368)
[2019.09.30-06.40.17:535][111]LogModuleManager: Shutting down and abandoning module LinearTimecode (366)
[2019.09.30-06.40.17:535][111]LogModuleManager: Shutting down and abandoning module ImgMedia (364)
[2019.09.30-06.40.17:537][111]LogModuleManager: Shutting down and abandoning module HTML5Networking (362)
[2019.09.30-06.40.17:537][111]LogModuleManager: Shutting down and abandoning module GeometryCacheTracks (360)
[2019.09.30-06.40.17:538][111]LogModuleManager: Shutting down and abandoning module GeometryCacheSequencer (358)
[2019.09.30-06.40.17:538][111]LogModuleManager: Shutting down and abandoning module BackChannel (356)
[2019.09.30-06.40.17:538][111]LogModuleManager: Shutting down and abandoning module AppleVision (354)
[2019.09.30-06.40.17:538][111]LogModuleManager: Shutting down and abandoning module AppleImageUtils (352)
[2019.09.30-06.40.17:538][111]LogModuleManager: Shutting down and abandoning module AlembicImporter (350)
[2019.09.30-06.40.17:538][111]LogModuleManager: Shutting down and abandoning module AlembicLibrary (349)
[2019.09.30-06.40.17:538][111]LogModuleManager: Shutting down and abandoning module GeometryCache (348)
[2019.09.30-06.40.17:538][111]LogModuleManager: Shutting down and abandoning module GeometryCacheEd (347)
[2019.09.30-06.40.17:538][111]LogModuleManager: Shutting down and abandoning module DatasmithContentEditor (342)
[2019.09.30-06.40.17:538][111]LogModuleManager: Shutting down and abandoning module DatasmithContent (340)
[2019.09.30-06.40.17:541][111]LogModuleManager: Shutting down and abandoning module SpeedTreeImporter (338)
[2019.09.30-06.40.17:541][111]LogModuleManager: Shutting down and abandoning module PluginBrowser (336)
[2019.09.30-06.40.17:541][111]LogModuleManager: Shutting down and abandoning module MobileLauncherProfileWizard (334)
[2019.09.30-06.40.17:541][111]LogModuleManager: Shutting down and abandoning module PolygonModeling (332)
[2019.09.30-06.40.17:541][111]LogModuleManager: Shutting down and abandoning module MeshEditor (330)
[2019.09.30-06.40.17:541][111]LogModuleManager: Shutting down and abandoning module CryptoKeysOpenSSL (328)
[2019.09.30-06.40.17:541][111]LogModuleManager: Shutting down and abandoning module CryptoKeys (326)
[2019.09.30-06.40.17:541][111]LogModuleManager: Shutting down and abandoning module VisualStudioSourceCodeAccess (324)
[2019.09.30-06.40.17:541][111]LogModuleManager: Shutting down and abandoning module VisualStudioCodeSourceCodeAccess (322)
[2019.09.30-06.40.17:541][111]LogModuleManager: Shutting down and abandoning module UObjectPlugin (320)
[2019.09.30-06.40.17:541][111]LogModuleManager: Shutting down and abandoning module SubversionSourceControl (318)
[2019.09.30-06.40.17:541][111]LogModuleManager: Shutting down and abandoning module PerforceSourceControl (316)
[2019.09.30-06.40.17:541][111]LogModuleManager: Shutting down and abandoning module GitSourceControl (314)
[2019.09.30-06.40.17:541][111]LogModuleManager: Shutting down and abandoning module SourceControl (313)
[2019.09.30-06.40.17:541][111]LogModuleManager: Shutting down and abandoning module CLionSourceCodeAccess (310)
[2019.09.30-06.40.17:541][111]LogModuleManager: Shutting down and abandoning module LightPropagationVolumeEditor (308)
[2019.09.30-06.40.17:541][111]LogModuleManager: Shutting down and abandoning module PaperTiledImporter (306)
[2019.09.30-06.40.17:541][111]LogModuleManager: Shutting down and abandoning module PaperSpriteSheetImporter (304)
[2019.09.30-06.40.17:541][111]LogModuleManager: Shutting down and abandoning module Paper2DEditor (302)
[2019.09.30-06.40.17:541][111]LogModuleManager: Shutting down and abandoning module MeshPaint (301)
[2019.09.30-06.40.17:541][111]LogModuleManager: Shutting down and abandoning module RuntimePhysXCooking (298)
[2019.09.30-06.40.17:541][111]LogModuleManager: Shutting down and abandoning module PhysXVehiclesEditor (296)
[2019.09.30-06.40.17:541][111]LogModuleManager: Shutting down and abandoning module PhysXVehicles (294)
[2019.09.30-06.40.17:541][111]LogModuleManager: Shutting down and abandoning module OculusEditor (292)
[2019.09.30-06.40.17:541][111]LogModuleManager: Shutting down and abandoning module LocationServicesBPLibrary (290)
[2019.09.30-06.40.17:541][111]LogModuleManager: Shutting down and abandoning module ImmediatePhysicsEditor (288)
[2019.09.30-06.40.17:541][111]LogModuleManager: Shutting down and abandoning module ImmediatePhysics (286)
[2019.09.30-06.40.17:541][111]LogModuleManager: Shutting down and abandoning module ActorSequence (284)
[2019.09.30-06.40.17:541][111]LogModuleManager: Shutting down and abandoning module UdpMessaging (282)
[2019.09.30-06.40.17:642][111]LogModuleManager: Shutting down and abandoning module TcpMessaging (280)
[2019.09.30-06.40.17:742][111]LogModuleManager: Shutting down and abandoning module MagicLeapAudio (278)
[2019.09.30-06.40.17:742][111]LogModuleManager: Shutting down and abandoning module GameplayTagsEditor (276)
[2019.09.30-06.40.17:742][111]LogModuleManager: Shutting down and abandoning module FacialAnimationEditor (274)
[2019.09.30-06.40.17:742][111]LogModuleManager: Shutting down and abandoning module FacialAnimation (272)
[2019.09.30-06.40.17:742][111]LogModuleManager: Shutting down and abandoning module DataValidation (270)
[2019.09.30-06.40.17:742][111]LogModuleManager: Shutting down and abandoning module AssetManagerEditor (268)
[2019.09.30-06.40.17:742][111]LogModuleManager: Shutting down and abandoning module LevelEditor (267)
[2019.09.30-06.40.17:743][111]LogModuleManager: Shutting down and abandoning module PixelInspectorModule (266)
[2019.09.30-06.40.17:743][111]LogModuleManager: Shutting down and abandoning module CommonMenuExtensions (264)
[2019.09.30-06.40.17:743][111]LogModuleManager: Shutting down and abandoning module MainFrame (262)
[2019.09.30-06.40.17:743][111]LogModuleManager: Shutting down and abandoning module HotReload (261)
[2019.09.30-06.40.17:743][111]LogModuleManager: Shutting down and abandoning module ContentBrowser (257)
[2019.09.30-06.40.17:744][111]LogModuleManager: Shutting down and abandoning module TreeMap (255)
[2019.09.30-06.40.17:744][111]LogModuleManager: Shutting down and abandoning module LightPropagationVolumeRuntime (252)
[2019.09.30-06.40.17:744][111]LogModuleManager: Shutting down and abandoning module AISupportModule (250)
[2019.09.30-06.40.17:744][111]LogModuleManager: Shutting down and abandoning module Paper2D (248)
[2019.09.30-06.40.17:744][111]LogModuleManager: Shutting down and abandoning module WindowsMoviePlayer (246)
[2019.09.30-06.40.17:744][111]LogModuleManager: Shutting down and abandoning module WmfMedia (244)
[2019.09.30-06.40.17:746][111]LogModuleManager: Shutting down and abandoning module Media (243)
[2019.09.30-06.40.17:752][111]LogModuleManager: Shutting down and abandoning module PacketHandler (240)
[2019.09.30-06.40.17:752][111]LogModuleManager: Shutting down and abandoning module ClothingSystemEditor (238)
[2019.09.30-06.40.17:752][111]LogModuleManager: Shutting down and abandoning module ClothingSystemRuntime (236)
[2019.09.30-06.40.17:752][111]LogModuleManager: Shutting down and abandoning module MediaAssets (234)
[2019.09.30-06.40.17:752][111]LogModuleManager: Shutting down and abandoning module Overlay (232)
[2019.09.30-06.40.17:752][111]LogModuleManager: Shutting down and abandoning module OverlayEditor (231)
[2019.09.30-06.40.17:752][111]LogModuleManager: Shutting down and abandoning module VREditor (228)
[2019.09.30-06.40.17:752][111]LogModuleManager: Shutting down and abandoning module StringTableEditor (226)
[2019.09.30-06.40.17:752][111]LogModuleManager: Shutting down and abandoning module GameplayTasksEditor (224)
[2019.09.30-06.40.17:752][111]LogModuleManager: Shutting down and abandoning module BehaviorTreeEditor (222)
[2019.09.30-06.40.17:752][111]LogModuleManager: Shutting down and abandoning module FunctionalTesting (220)
[2019.09.30-06.40.17:752][111]LogModuleManager: Shutting down and abandoning module CollisionAnalyzer (218)
[2019.09.30-06.40.17:752][111]LogModuleManager: Shutting down and abandoning module WorkspaceMenuStructure (217)
[2019.09.30-06.40.17:752][111]LogModuleManager: Shutting down and abandoning module UMG (214)
[2019.09.30-06.40.17:752][111]LogModuleManager: Shutting down and abandoning module UMGEditor (213)
[2019.09.30-06.40.17:752][111]LogModuleManager: Shutting down and abandoning module Sequencer (212)
[2019.09.30-06.40.17:752][111]LogModuleManager: Shutting down and abandoning module MessageLog (209)
[2019.09.30-06.40.17:752][111]LogModuleManager: Shutting down and abandoning module SlateReflector (204)
[2019.09.30-06.40.17:753][111]LogModuleManager: Shutting down and abandoning module Slate (202)
[2019.09.30-06.40.17:753][111]LogModuleManager: Shutting down and abandoning module EditorStyle (200)
[2019.09.30-06.40.17:754][111]LogModuleManager: Shutting down and abandoning module MRMesh (198)
[2019.09.30-06.40.17:754][111]LogModuleManager: Shutting down and abandoning module SourceCodeAccess (196)
[2019.09.30-06.40.17:754][111]LogModuleManager: Shutting down and abandoning module HeadMountedDisplay (194)
[2019.09.30-06.40.17:754][111]LogModuleManager: Shutting down and abandoning module XAudio2 (192)
[2019.09.30-06.40.17:754][111]LogModuleManager: Shutting down and abandoning module Networking (190)
[2019.09.30-06.40.17:754][111]LogModuleManager: Shutting down and abandoning module Core (188)
[2019.09.30-06.40.17:754][111]LogModuleManager: Shutting down and abandoning module LevelSequence (186)
[2019.09.30-06.40.17:754][111]LogModuleManager: Shutting down and abandoning module KismetCompiler (184)
[2019.09.30-06.40.17:754][111]LogModuleManager: Shutting down and abandoning module MeshUtilities (182)
[2019.09.30-06.40.17:754][111]LogModuleManager: Shutting down and abandoning module MeshMergeUtilities (181)
[2019.09.30-06.40.17:754][111]LogModuleManager: Shutting down and abandoning module MeshReductionInterface (180)
[2019.09.30-06.40.17:754][111]LogModuleManager: Shutting down and abandoning module SimplygonSwarm (179)
[2019.09.30-06.40.17:754][111]LogModuleManager: Shutting down and abandoning module ProxyLODMeshReduction (177)
[2019.09.30-06.40.17:754][111]LogModuleManager: Shutting down and abandoning module SimplygonMeshReduction (175)
[2019.09.30-06.40.17:754][111]LogModuleManager: Shutting down and abandoning module QuadricMeshReduction (173)
[2019.09.30-06.40.17:754][111]LogModuleManager: Shutting down and abandoning module MaterialBaking (169)
[2019.09.30-06.40.17:754][111]LogModuleManager: Shutting down and abandoning module DirectoryWatcher (165)
[2019.09.30-06.40.17:754][111]LogModuleManager: Shutting down and abandoning module DerivedDataCache (162)
[2019.09.30-06.40.17:758][111]LogDerivedDataCache: Shutdown
[2019.09.30-06.40.17:758][111]LogModuleManager: Shutting down and abandoning module XGEController (160)
[2019.09.30-06.40.17:758][111]LogModuleManager: Shutting down and abandoning module TargetPlatform (158)
[2019.09.30-06.40.17:758][111]LogModuleManager: Shutting down and abandoning module VulkanShaderFormat (157)
[2019.09.30-06.40.17:758][111]LogModuleManager: Shutting down and abandoning module ShaderFormatVectorVM (155)
[2019.09.30-06.40.17:758][111]LogModuleManager: Shutting down and abandoning module ShaderFormatOpenGL (153)
[2019.09.30-06.40.17:758][111]LogModuleManager: Shutting down and abandoning module ShaderFormatD3D (151)
[2019.09.30-06.40.17:758][111]LogModuleManager: Shutting down and abandoning module MetalShaderFormat (149)
[2019.09.30-06.40.17:758][111]LogModuleManager: Shutting down and abandoning module TextureFormatUncompressed (147)
[2019.09.30-06.40.17:758][111]LogModuleManager: Shutting down and abandoning module TextureFormatPVR (145)
[2019.09.30-06.40.17:758][111]LogModuleManager: Shutting down and abandoning module TextureFormatDXT (143)
[2019.09.30-06.40.17:758][111]LogModuleManager: Shutting down and abandoning module TextureFormatIntelISPCTexComp (141)
[2019.09.30-06.40.17:758][111]LogModuleManager: Shutting down and abandoning module TextureFormatASTC (139)
[2019.09.30-06.40.17:758][111]LogModuleManager: Shutting down and abandoning module ImageWrapper (138)
[2019.09.30-06.40.17:758][111]LogModuleManager: Shutting down and abandoning module TextureFormatAndroid (135)
[2019.09.30-06.40.17:758][111]LogModuleManager: Shutting down and abandoning module AudioFormatOpus (133)
[2019.09.30-06.40.17:758][111]LogModuleManager: Shutting down and abandoning module AudioFormatOgg (131)
[2019.09.30-06.40.17:758][111]LogModuleManager: Shutting down and abandoning module AudioFormatADPCM (129)
[2019.09.30-06.40.17:758][111]LogModuleManager: Shutting down and abandoning module LuminTargetPlatform (127)
[2019.09.30-06.40.17:758][111]LogModuleManager: Shutting down and abandoning module LinuxTargetPlatform (125)
[2019.09.30-06.40.17:758][111]LogModuleManager: Shutting down and abandoning module LinuxServerTargetPlatform (123)
[2019.09.30-06.40.17:758][111]LogModuleManager: Shutting down and abandoning module LinuxNoEditorTargetPlatform (121)
[2019.09.30-06.40.17:758][111]LogModuleManager: Shutting down and abandoning module LinuxClientTargetPlatform (119)
[2019.09.30-06.40.17:758][111]LogModuleManager: Shutting down and abandoning module TVOSTargetPlatform (117)
[2019.09.30-06.40.17:759][111]LogModuleManager: Shutting down and abandoning module Messaging (115)
[2019.09.30-06.40.17:759][111]LogModuleManager: Shutting down and abandoning module IOSTargetPlatform (113)
[2019.09.30-06.40.17:760][111]LogModuleManager: Shutting down and abandoning module HTML5TargetPlatform (111)
[2019.09.30-06.40.17:760][111]LogModuleManager: Shutting down and abandoning module AndroidTargetPlatform (109)
[2019.09.30-06.40.17:765][111]LogModuleManager: Shutting down and abandoning module WindowsTargetPlatform (107)
[2019.09.30-06.40.17:765][111]LogModuleManager: Shutting down and abandoning module WindowsServerTargetPlatform (105)
[2019.09.30-06.40.17:765][111]LogModuleManager: Shutting down and abandoning module WindowsNoEditorTargetPlatform (103)
[2019.09.30-06.40.17:765][111]LogModuleManager: Shutting down and abandoning module WindowsClientTargetPlatform (101)
[2019.09.30-06.40.17:765][111]LogModuleManager: Shutting down and abandoning module MacTargetPlatform (99)
[2019.09.30-06.40.17:765][111]LogModuleManager: Shutting down and abandoning module MacServerTargetPlatform (97)
[2019.09.30-06.40.17:765][111]LogModuleManager: Shutting down and abandoning module MacNoEditorTargetPlatform (95)
[2019.09.30-06.40.17:765][111]LogModuleManager: Shutting down and abandoning module MacClientTargetPlatform (93)
[2019.09.30-06.40.17:766][111]LogModuleManager: Shutting down and abandoning module AllDesktopTargetPlatform (91)
[2019.09.30-06.40.17:766][111]LogModuleManager: Shutting down and abandoning module InputCore (88)
[2019.09.30-06.40.17:766][111]LogModuleManager: Shutting down and abandoning module Settings (86)
[2019.09.30-06.40.17:766][111]LogModuleManager: Shutting down and abandoning module PhysXCooking (84)
[2019.09.30-06.40.17:766][111]LogModuleManager: Shutting down and abandoning module SteamVR (82)
[2019.09.30-06.40.17:766][111]LogModuleManager: Shutting down and abandoning module OculusHMD (80)
[2019.09.30-06.40.17:766][111]LogModuleManager: Shutting down and abandoning module ExampleDeviceProfileSelector (78)
[2019.09.30-06.40.17:766][111]LogModuleManager: Shutting down and abandoning module LauncherChunkInstaller (76)
[2019.09.30-06.40.17:766][111]LogModuleManager: Shutting down and abandoning module OnlineBlueprintSupport (74)
[2019.09.30-06.40.17:766][111]LogModuleManager: Shutting down and abandoning module OnlineSubsystem (70)
[2019.09.30-06.40.17:767][111]LogModuleManager: Shutting down and abandoning module XMPP (65)
[2019.09.30-06.40.17:767][111]LogModuleManager: Shutting down and abandoning module WebSockets (64)
[2019.09.30-06.40.17:791][111]LogModuleManager: Shutting down and abandoning module HTTP (61)
[2019.09.30-06.40.17:791][111]LogHttp: Display: Http module shutting down, but needs to wait on 1 outstanding Http requests:
[2019.09.30-06.40.17:791][111]LogHttp: Display: 	verb=[POST] url=[https://datarouter.ol.epicgames.com/datarouter/api/v1/public/data?SessionID=%7B83411C43-4B60-3340-25DC-17A39E3B322D%7D&AppID=UEEditor.Rocket.Release&AppVersion=4.20.3-4369336%2B%2B%2BUE4%2BRelease-4.20&UserID=c233df6248ab32e6c2f8a797836fa389%7C%7Cd1036ffa-9e7d-4a3b-b795-a3bd735ab853&AppEnvironment=datacollector-binary&UploadType=eteventstream] status=Processing
[2019.09.30-06.40.17:820][111]LogModuleManager: Shutting down and abandoning module SSL (60)
[2019.09.30-06.40.17:821][111]LogModuleManager: Shutting down and abandoning module MagicLeapEmulator (56)
[2019.09.30-06.40.17:821][111]LogModuleManager: Shutting down and abandoning module MagicLeapPrivileges (54)
[2019.09.30-06.40.17:821][111]LogModuleManager: Shutting down and abandoning module MagicLeapIdentity (52)
[2019.09.30-06.40.17:821][111]LogModuleManager: Shutting down and abandoning module MagicLeapHelperVulkan (50)
[2019.09.30-06.40.17:821][111]LogModuleManager: Shutting down and abandoning module MagicLeapHelperOpenGL (48)
[2019.09.30-06.40.17:821][111]LogModuleManager: Shutting down and abandoning module MagicLeapSecureStorage (46)
[2019.09.30-06.40.17:821][111]LogModuleManager: Shutting down and abandoning module MagicLeapGestures (44)
[2019.09.30-06.40.17:821][111]LogModuleManager: Shutting down and abandoning module MagicLeapEyeTracker (42)
[2019.09.30-06.40.17:821][111]LogModuleManager: Shutting down and abandoning module MagicLeapController (40)
[2019.09.30-06.40.17:821][111]LogSlate: Slate User Destroyed.  User Index 0, Is Virtual User: 0
[2019.09.30-06.40.17:821][111]LogModuleManager: Shutting down and abandoning module MagicLeap (38)
[2019.09.30-06.40.17:821][111]LogModuleManager: Shutting down and abandoning module AnimationModifiers (36)
[2019.09.30-06.40.17:821][111]LogModuleManager: Shutting down and abandoning module PropertyEditor (35)
[2019.09.30-06.40.17:821][111]LogModuleManager: Shutting down and abandoning module AudioEditor (32)
[2019.09.30-06.40.17:821][111]LogModuleManager: Shutting down and abandoning module TextureCompressor (30)
[2019.09.30-06.40.17:821][111]LogModuleManager: Shutting down and abandoning module ShaderCore (28)
[2019.09.30-06.40.17:821][111]LogModuleManager: Shutting down and abandoning module Landscape (26)
[2019.09.30-06.40.17:821][111]LogModuleManager: Shutting down and abandoning module SlateRHIRenderer (24)
[2019.09.30-06.40.17:822][111]LogModuleManager: Shutting down and abandoning module OpenGLDrv (22)
[2019.09.30-06.40.17:822][111]LogModuleManager: Shutting down and abandoning module D3D11RHI (20)
[2019.09.30-06.40.17:822][111]LogModuleManager: Shutting down and abandoning module AnimGraphRuntime (18)
[2019.09.30-06.40.17:822][111]LogModuleManager: Shutting down and abandoning module Renderer (16)
[2019.09.30-06.40.17:822][111]LogModuleManager: Shutting down and abandoning module Engine (14)
[2019.09.30-06.40.17:822][111]LogModuleManager: Shutting down and abandoning module CoreUObject (12)
[2019.09.30-06.40.17:822][111]LogModuleManager: Shutting down and abandoning module NetworkFile (10)
[2019.09.30-06.40.17:822][111]LogModuleManager: Shutting down and abandoning module CookedIterativeFile (8)
[2019.09.30-06.40.17:822][111]LogModuleManager: Shutting down and abandoning module StreamingFile (6)
[2019.09.30-06.40.17:822][111]LogModuleManager: Shutting down and abandoning module SandboxFile (4)
[2019.09.30-06.40.17:822][111]LogModuleManager: Shutting down and abandoning module PakFile (2)
[2019.09.30-06.40.17:828][111]LogExit: Exiting.
[2019.09.30-06.40.17:829][111]Log file closed, 09/30/19 16:40:17
